#
# There is insufficient memory for the Java Runtime Environment to continue.
# Native memory allocation (malloc) failed to allocate 1118416 bytes for Chunk::new
# Possible reasons:
#   The system is out of physical RAM or swap space
#   The process is running with CompressedOops enabled, and the Java Heap may be blocking the growth of the native heap
# Possible solutions:
#   Reduce memory load on the system
#   Increase physical memory or swap space
#   Check if swap backing store is full
#   Decrease Java heap size (-Xmx/-Xms)
#   Decrease number of Java threads
#   Decrease Java thread stack sizes (-Xss)
#   Set larger code cache with -XX:ReservedCodeCacheSize=
#   JVM is running with Unscaled Compressed Oops mode in which the Java heap is
#     placed in the first 4GB address space. The Java Heap base address is the
#     maximum limit for the native heap growth. Please use -XX:HeapBaseMinAddress
#     to set the Java Heap base and to place the Java Heap above 4GB virtual address.
# This output file may be truncated or incomplete.
#
#  Out of Memory Error (arena.cpp:189), pid=58976, tid=67844
#
# JRE version: Java(TM) SE Runtime Environment (17.0.8+9) (build 17.0.8+9-LTS-211)
# Java VM: Java HotSpot(TM) 64-Bit Server VM (17.0.8+9-LTS-211, mixed mode, sharing, tiered, compressed oops, compressed class ptrs, g1 gc, windows-amd64)
# No core dump will be written. Minidumps are not enabled by default on client versions of Windows
#

---------------  S U M M A R Y ------------

Command Line: -javaagent:C:\Program Files\JetBrains\IntelliJ IDEA Educational Edition 2022.2.2\lib\idea_rt.jar=54151:C:\Program Files\JetBrains\IntelliJ IDEA Educational Edition 2022.2.2\bin -Dfile.encoding=UTF-8 lira.wakacop.WakacopApplication

Host: AMD Ryzen 7 5700U with Radeon Graphics         , 16 cores, 5G,  Windows 11 , 64 bit Build 22621 (10.0.22621.2428)
Time: Fri Nov 10 05:40:23 2023 Hora Padrão da Bahia elapsed time: 7.724844 seconds (0d 0h 0m 7s)

---------------  T H R E A D  ---------------

Current thread (0x0000021103b3a6e0):  JavaThread "C2 CompilerThread0" daemon [_thread_in_native, id=67844, stack(0x000000449fc00000,0x000000449fd00000)]


Current CompileTask:
C2:   7725 3930       4       jdk.internal.org.objectweb.asm.Frame::execute (2305 bytes)

Stack: [0x000000449fc00000,0x000000449fd00000]
Native frames: (J=compiled Java code, j=interpreted, Vv=VM code, C=native code)
V  [jvm.dll+0x677d0a]
V  [jvm.dll+0x7d8c54]
V  [jvm.dll+0x7da3fe]
V  [jvm.dll+0x7daa63]
V  [jvm.dll+0x245c5f]
V  [jvm.dll+0xaaa6b]
V  [jvm.dll+0xab00c]
V  [jvm.dll+0x361e3f]
V  [jvm.dll+0x1bb87a]
V  [jvm.dll+0x218157]
V  [jvm.dll+0x217431]
V  [jvm.dll+0x1a3af0]
V  [jvm.dll+0x2270be]
V  [jvm.dll+0x22535b]
V  [jvm.dll+0x78e7bc]
V  [jvm.dll+0x788bba]
V  [jvm.dll+0x676b35]
C  [ucrtbase.dll+0x29363]
C  [KERNEL32.DLL+0x1257d]
C  [ntdll.dll+0x5aa78]


---------------  P R O C E S S  ---------------

Threads class SMR info:
_java_thread_list=0x000002114b4d6300, length=19, elements={
0x00000211642cf880, 0x0000021103b1f520, 0x0000021103b202a0, 0x0000021103b319e0,
0x0000021103b333b0, 0x0000021103b35c80, 0x0000021103b36540, 0x0000021103b3a6e0,
0x0000021103b430a0, 0x0000021103b46190, 0x0000021103b07660, 0x0000021149093660,
0x0000021149496050, 0x0000021149496520, 0x000002114c35ad40, 0x000002114c35b210,
0x000002114c35c080, 0x000002114c35d3c0, 0x000002114c359a00
}

Java Threads: ( => current thread )
  0x00000211642cf880 JavaThread "main" [_thread_in_native, id=68604, stack(0x000000449ef00000,0x000000449f000000)]
  0x0000021103b1f520 JavaThread "Reference Handler" daemon [_thread_blocked, id=70136, stack(0x000000449f600000,0x000000449f700000)]
  0x0000021103b202a0 JavaThread "Finalizer" daemon [_thread_blocked, id=71024, stack(0x000000449f700000,0x000000449f800000)]
  0x0000021103b319e0 JavaThread "Signal Dispatcher" daemon [_thread_blocked, id=61316, stack(0x000000449f800000,0x000000449f900000)]
  0x0000021103b333b0 JavaThread "Attach Listener" daemon [_thread_blocked, id=56436, stack(0x000000449f900000,0x000000449fa00000)]
  0x0000021103b35c80 JavaThread "Service Thread" daemon [_thread_blocked, id=67108, stack(0x000000449fa00000,0x000000449fb00000)]
  0x0000021103b36540 JavaThread "Monitor Deflation Thread" daemon [_thread_blocked, id=58316, stack(0x000000449fb00000,0x000000449fc00000)]
=>0x0000021103b3a6e0 JavaThread "C2 CompilerThread0" daemon [_thread_in_native, id=67844, stack(0x000000449fc00000,0x000000449fd00000)]
  0x0000021103b430a0 JavaThread "C1 CompilerThread0" daemon [_thread_blocked, id=56768, stack(0x000000449fd00000,0x000000449fe00000)]
  0x0000021103b46190 JavaThread "Sweeper thread" daemon [_thread_blocked, id=63748, stack(0x000000449fe00000,0x000000449ff00000)]
  0x0000021103b07660 JavaThread "Common-Cleaner" daemon [_thread_blocked, id=72192, stack(0x000000449ff00000,0x00000044a0000000)]
  0x0000021149093660 JavaThread "C1 CompilerThread1" daemon [_thread_blocked, id=71608, stack(0x00000044a0000000,0x00000044a0100000)]
  0x0000021149496050 JavaThread "Monitor Ctrl-Break" daemon [_thread_in_native, id=43968, stack(0x00000044a0200000,0x00000044a0300000)]
  0x0000021149496520 JavaThread "Notification Thread" daemon [_thread_blocked, id=48996, stack(0x00000044a0300000,0x00000044a0400000)]
  0x000002114c35ad40 JavaThread "Catalina-utility-1" [_thread_blocked, id=54616, stack(0x00000044a1400000,0x00000044a1500000)]
  0x000002114c35b210 JavaThread "Catalina-utility-2" [_thread_blocked, id=55284, stack(0x00000044a1500000,0x00000044a1600000)]
  0x000002114c35c080 JavaThread "container-0" [_thread_blocked, id=71944, stack(0x00000044a1600000,0x00000044a1700000)]
  0x000002114c35d3c0 JavaThread "HikariPool-1 housekeeper" daemon [_thread_blocked, id=36156, stack(0x00000044a0b00000,0x00000044a0c00000)]
  0x000002114c359a00 JavaThread "HikariPool-1 connection adder" daemon [_thread_blocked, id=70112, stack(0x00000044a0100000,0x00000044a0200000)]

Other Threads:
  0x0000021103b19610 VMThread "VM Thread" [stack: 0x000000449f500000,0x000000449f600000] [id=57708]
  0x00000211493fcf40 WatcherThread [stack: 0x00000044a0400000,0x00000044a0500000] [id=15332]
  0x000002116431d390 GCTaskThread "GC Thread#0" [stack: 0x000000449f000000,0x000000449f100000] [id=56968]
  0x0000021149c25800 GCTaskThread "GC Thread#1" [stack: 0x00000044a0500000,0x00000044a0600000] [id=70660]
  0x0000021149b3c280 GCTaskThread "GC Thread#2" [stack: 0x00000044a0600000,0x00000044a0700000] [id=58648]
  0x0000021149b3c530 GCTaskThread "GC Thread#3" [stack: 0x00000044a0700000,0x00000044a0800000] [id=69128]
  0x0000021149b3c7e0 GCTaskThread "GC Thread#4" [stack: 0x00000044a0800000,0x00000044a0900000] [id=15056]
  0x0000021149b3df30 GCTaskThread "GC Thread#5" [stack: 0x00000044a0900000,0x00000044a0a00000] [id=62092]
  0x0000021149b3e660 GCTaskThread "GC Thread#6" [stack: 0x00000044a0a00000,0x00000044a0b00000] [id=43924]
  0x0000021149ee3f70 GCTaskThread "GC Thread#7" [stack: 0x00000044a0d00000,0x00000044a0e00000] [id=62224]
  0x000002114a54a9e0 GCTaskThread "GC Thread#8" [stack: 0x00000044a0e00000,0x00000044a0f00000] [id=72060]
  0x000002114a54ac90 GCTaskThread "GC Thread#9" [stack: 0x00000044a0f00000,0x00000044a1000000] [id=62724]
  0x0000021149d6f7d0 GCTaskThread "GC Thread#10" [stack: 0x00000044a1000000,0x00000044a1100000] [id=70508]
  0x0000021149d6fa80 GCTaskThread "GC Thread#11" [stack: 0x00000044a1100000,0x00000044a1200000] [id=67436]
  0x000002114b416d90 GCTaskThread "GC Thread#12" [stack: 0x00000044a0c00000,0x00000044a0d00000] [id=68644]
  0x000002116420cf40 ConcurrentGCThread "G1 Main Marker" [stack: 0x000000449f100000,0x000000449f200000] [id=67716]
  0x000002116420e0f0 ConcurrentGCThread "G1 Conc#0" [stack: 0x000000449f200000,0x000000449f300000] [id=68948]
  0x000002114b4175a0 ConcurrentGCThread "G1 Conc#1" [stack: 0x00000044a1200000,0x00000044a1300000] [id=67352]
  0x000002114b4162d0 ConcurrentGCThread "G1 Conc#2" [stack: 0x00000044a1300000,0x00000044a1400000] [id=35148]
  0x000002116438e1c0 ConcurrentGCThread "G1 Refine#0" [stack: 0x000000449f300000,0x000000449f400000] [id=65352]
  0x000002116438eaf0 ConcurrentGCThread "G1 Service" [stack: 0x000000449f400000,0x000000449f500000] [id=71784]

Threads with active compile tasks:
C2 CompilerThread0     7814 3930       4       jdk.internal.org.objectweb.asm.Frame::execute (2305 bytes)

VM state: not at safepoint (normal execution)

VM Mutex/Monitor currently owned by a thread: None

Heap address: 0x00000000a2200000, size: 1502 MB, Compressed Oops mode: 32-bit

CDS archive(s) mapped at: [0x0000021104000000-0x0000021104bd0000-0x0000021104bd0000), size 12386304, SharedBaseAddress: 0x0000021104000000, ArchiveRelocationMode: 1.
Compressed class space mapped at: 0x0000021105000000-0x0000021145000000, reserved size: 1073741824
Narrow klass base: 0x0000021104000000, Narrow klass shift: 0, Narrow klass range: 0x100000000

GC Precious Log:
 CPUs: 16 total, 16 available
 Memory: 6005M
 Large Page Support: Disabled
 NUMA Support: Disabled
 Compressed Oops: Enabled (32-bit)
 Heap Region Size: 1M
 Heap Min Capacity: 8M
 Heap Initial Capacity: 94M
 Heap Max Capacity: 1502M
 Pre-touch: Disabled
 Parallel Workers: 13
 Concurrent Workers: 3
 Concurrent Refinement Workers: 13
 Periodic GC: Disabled

Heap:
 garbage-first heap   total 65536K, used 20862K [0x00000000a2200000, 0x0000000100000000)
  region size 1024K, 8 young (8192K), 4 survivors (4096K)
 Metaspace       used 36600K, committed 36864K, reserved 1114112K
  class space    used 4651K, committed 4800K, reserved 1048576K

Heap Regions: E=young(eden), S=young(survivor), O=old, HS=humongous(starts), HC=humongous(continues), CS=collection set, F=free, OA=open archive, CA=closed archive, TAMS=top-at-mark-start (previous, next)
|   0|0x00000000a2200000, 0x00000000a2300000, 0x00000000a2300000|100%|HS|  |TAMS 0x00000000a2300000, 0x00000000a2200000| Complete 
|   1|0x00000000a2300000, 0x00000000a2400000, 0x00000000a2400000|100%| O|  |TAMS 0x00000000a2400000, 0x00000000a2300000| Untracked 
|   2|0x00000000a2400000, 0x00000000a2500000, 0x00000000a2500000|100%| O|  |TAMS 0x00000000a2500000, 0x00000000a2400000| Untracked 
|   3|0x00000000a2500000, 0x00000000a2600000, 0x00000000a2600000|100%| O|  |TAMS 0x00000000a2600000, 0x00000000a2500000| Untracked 
|   4|0x00000000a2600000, 0x00000000a2700000, 0x00000000a2700000|100%| O|  |TAMS 0x00000000a2700000, 0x00000000a2600000| Untracked 
|   5|0x00000000a2700000, 0x00000000a2800000, 0x00000000a2800000|100%| O|  |TAMS 0x00000000a2800000, 0x00000000a2700000| Untracked 
|   6|0x00000000a2800000, 0x00000000a2900000, 0x00000000a2900000|100%| O|  |TAMS 0x00000000a2900000, 0x00000000a2800000| Untracked 
|   7|0x00000000a2900000, 0x00000000a2a00000, 0x00000000a2a00000|100%| O|  |TAMS 0x00000000a2a00000, 0x00000000a2900000| Untracked 
|   8|0x00000000a2a00000, 0x00000000a2b00000, 0x00000000a2b00000|100%| O|  |TAMS 0x00000000a2b00000, 0x00000000a2a00000| Untracked 
|   9|0x00000000a2b00000, 0x00000000a2b00000, 0x00000000a2c00000|  0%| F|  |TAMS 0x00000000a2b00000, 0x00000000a2b00000| Untracked 
|  10|0x00000000a2c00000, 0x00000000a2d00000, 0x00000000a2d00000|100%| O|  |TAMS 0x00000000a2d00000, 0x00000000a2c00000| Untracked 
|  11|0x00000000a2d00000, 0x00000000a2e00000, 0x00000000a2e00000|100%| O|  |TAMS 0x00000000a2e00000, 0x00000000a2d00000| Untracked 
|  12|0x00000000a2e00000, 0x00000000a2f00000, 0x00000000a2f00000|100%| O|  |TAMS 0x00000000a2f00000, 0x00000000a2e00000| Untracked 
|  13|0x00000000a2f00000, 0x00000000a3000000, 0x00000000a3000000|100%| O|  |TAMS 0x00000000a3000000, 0x00000000a2f00000| Untracked 
|  14|0x00000000a3000000, 0x00000000a30d4600, 0x00000000a3100000| 82%| O|  |TAMS 0x00000000a30d4600, 0x00000000a3000000| Untracked 
|  15|0x00000000a3100000, 0x00000000a3100000, 0x00000000a3200000|  0%| F|  |TAMS 0x00000000a3100000, 0x00000000a3100000| Untracked 
|  16|0x00000000a3200000, 0x00000000a3200000, 0x00000000a3300000|  0%| F|  |TAMS 0x00000000a3200000, 0x00000000a3200000| Untracked 
|  17|0x00000000a3300000, 0x00000000a3300000, 0x00000000a3400000|  0%| F|  |TAMS 0x00000000a3300000, 0x00000000a3300000| Untracked 
|  18|0x00000000a3400000, 0x00000000a3400000, 0x00000000a3500000|  0%| F|  |TAMS 0x00000000a3400000, 0x00000000a3400000| Untracked 
|  19|0x00000000a3500000, 0x00000000a3500000, 0x00000000a3600000|  0%| F|  |TAMS 0x00000000a3500000, 0x00000000a3500000| Untracked 
|  20|0x00000000a3600000, 0x00000000a3600000, 0x00000000a3700000|  0%| F|  |TAMS 0x00000000a3600000, 0x00000000a3600000| Untracked 
|  21|0x00000000a3700000, 0x00000000a3700000, 0x00000000a3800000|  0%| F|  |TAMS 0x00000000a3700000, 0x00000000a3700000| Untracked 
|  22|0x00000000a3800000, 0x00000000a3800000, 0x00000000a3900000|  0%| F|  |TAMS 0x00000000a3800000, 0x00000000a3800000| Untracked 
|  23|0x00000000a3900000, 0x00000000a3900000, 0x00000000a3a00000|  0%| F|  |TAMS 0x00000000a3900000, 0x00000000a3900000| Untracked 
|  24|0x00000000a3a00000, 0x00000000a3a00000, 0x00000000a3b00000|  0%| F|  |TAMS 0x00000000a3a00000, 0x00000000a3a00000| Untracked 
|  25|0x00000000a3b00000, 0x00000000a3b00000, 0x00000000a3c00000|  0%| F|  |TAMS 0x00000000a3b00000, 0x00000000a3b00000| Untracked 
|  26|0x00000000a3c00000, 0x00000000a3c00000, 0x00000000a3d00000|  0%| F|  |TAMS 0x00000000a3c00000, 0x00000000a3c00000| Untracked 
|  27|0x00000000a3d00000, 0x00000000a3d00000, 0x00000000a3e00000|  0%| F|  |TAMS 0x00000000a3d00000, 0x00000000a3d00000| Untracked 
|  28|0x00000000a3e00000, 0x00000000a3e00000, 0x00000000a3f00000|  0%| F|  |TAMS 0x00000000a3e00000, 0x00000000a3e00000| Untracked 
|  29|0x00000000a3f00000, 0x00000000a3f00000, 0x00000000a4000000|  0%| F|  |TAMS 0x00000000a3f00000, 0x00000000a3f00000| Untracked 
|  30|0x00000000a4000000, 0x00000000a4000000, 0x00000000a4100000|  0%| F|  |TAMS 0x00000000a4000000, 0x00000000a4000000| Untracked 
|  31|0x00000000a4100000, 0x00000000a4100000, 0x00000000a4200000|  0%| F|  |TAMS 0x00000000a4100000, 0x00000000a4100000| Untracked 
|  32|0x00000000a4200000, 0x00000000a4200000, 0x00000000a4300000|  0%| F|  |TAMS 0x00000000a4200000, 0x00000000a4200000| Untracked 
|  33|0x00000000a4300000, 0x00000000a4300000, 0x00000000a4400000|  0%| F|  |TAMS 0x00000000a4300000, 0x00000000a4300000| Untracked 
|  34|0x00000000a4400000, 0x00000000a4400000, 0x00000000a4500000|  0%| F|  |TAMS 0x00000000a4400000, 0x00000000a4400000| Untracked 
|  35|0x00000000a4500000, 0x00000000a4500000, 0x00000000a4600000|  0%| F|  |TAMS 0x00000000a4500000, 0x00000000a4500000| Untracked 
|  36|0x00000000a4600000, 0x00000000a4600000, 0x00000000a4700000|  0%| F|  |TAMS 0x00000000a4600000, 0x00000000a4600000| Untracked 
|  37|0x00000000a4700000, 0x00000000a4700000, 0x00000000a4800000|  0%| F|  |TAMS 0x00000000a4700000, 0x00000000a4700000| Untracked 
|  38|0x00000000a4800000, 0x00000000a4800000, 0x00000000a4900000|  0%| F|  |TAMS 0x00000000a4800000, 0x00000000a4800000| Untracked 
|  39|0x00000000a4900000, 0x00000000a4900000, 0x00000000a4a00000|  0%| F|  |TAMS 0x00000000a4900000, 0x00000000a4900000| Untracked 
|  40|0x00000000a4a00000, 0x00000000a4a00000, 0x00000000a4b00000|  0%| F|  |TAMS 0x00000000a4a00000, 0x00000000a4a00000| Untracked 
|  41|0x00000000a4b00000, 0x00000000a4b00000, 0x00000000a4c00000|  0%| F|  |TAMS 0x00000000a4b00000, 0x00000000a4b00000| Untracked 
|  42|0x00000000a4c00000, 0x00000000a4c00000, 0x00000000a4d00000|  0%| F|  |TAMS 0x00000000a4c00000, 0x00000000a4c00000| Untracked 
|  43|0x00000000a4d00000, 0x00000000a4d00000, 0x00000000a4e00000|  0%| F|  |TAMS 0x00000000a4d00000, 0x00000000a4d00000| Untracked 
|  44|0x00000000a4e00000, 0x00000000a4e8b378, 0x00000000a4f00000| 54%| S|CS|TAMS 0x00000000a4e00000, 0x00000000a4e00000| Complete 
|  45|0x00000000a4f00000, 0x00000000a5000000, 0x00000000a5000000|100%| S|CS|TAMS 0x00000000a4f00000, 0x00000000a4f00000| Complete 
|  46|0x00000000a5000000, 0x00000000a5100000, 0x00000000a5100000|100%| S|CS|TAMS 0x00000000a5000000, 0x00000000a5000000| Complete 
|  47|0x00000000a5100000, 0x00000000a5200000, 0x00000000a5200000|100%| S|CS|TAMS 0x00000000a5100000, 0x00000000a5100000| Complete 
|  48|0x00000000a5200000, 0x00000000a5200000, 0x00000000a5300000|  0%| F|  |TAMS 0x00000000a5200000, 0x00000000a5200000| Untracked 
|  49|0x00000000a5300000, 0x00000000a5300000, 0x00000000a5400000|  0%| F|  |TAMS 0x00000000a5300000, 0x00000000a5300000| Untracked 
|  50|0x00000000a5400000, 0x00000000a5400000, 0x00000000a5500000|  0%| F|  |TAMS 0x00000000a5400000, 0x00000000a5400000| Untracked 
|  51|0x00000000a5500000, 0x00000000a5500000, 0x00000000a5600000|  0%| F|  |TAMS 0x00000000a5500000, 0x00000000a5500000| Untracked 
|  52|0x00000000a5600000, 0x00000000a5600000, 0x00000000a5700000|  0%| F|  |TAMS 0x00000000a5600000, 0x00000000a5600000| Untracked 
|  53|0x00000000a5700000, 0x00000000a5700000, 0x00000000a5800000|  0%| F|  |TAMS 0x00000000a5700000, 0x00000000a5700000| Untracked 
|  54|0x00000000a5800000, 0x00000000a5800000, 0x00000000a5900000|  0%| F|  |TAMS 0x00000000a5800000, 0x00000000a5800000| Untracked 
|  55|0x00000000a5900000, 0x00000000a5900000, 0x00000000a5a00000|  0%| F|  |TAMS 0x00000000a5900000, 0x00000000a5900000| Untracked 
|  56|0x00000000a5a00000, 0x00000000a5a00000, 0x00000000a5b00000|  0%| F|  |TAMS 0x00000000a5a00000, 0x00000000a5a00000| Untracked 
|  57|0x00000000a5b00000, 0x00000000a5b00000, 0x00000000a5c00000|  0%| F|  |TAMS 0x00000000a5b00000, 0x00000000a5b00000| Untracked 
|  58|0x00000000a5c00000, 0x00000000a5c00000, 0x00000000a5d00000|  0%| F|  |TAMS 0x00000000a5c00000, 0x00000000a5c00000| Untracked 
|  59|0x00000000a5d00000, 0x00000000a5d00000, 0x00000000a5e00000|  0%| F|  |TAMS 0x00000000a5d00000, 0x00000000a5d00000| Untracked 
|  60|0x00000000a5e00000, 0x00000000a5e80800, 0x00000000a5f00000| 50%| E|  |TAMS 0x00000000a5e00000, 0x00000000a5e00000| Complete 
|  61|0x00000000a5f00000, 0x00000000a6000000, 0x00000000a6000000|100%| E|CS|TAMS 0x00000000a5f00000, 0x00000000a5f00000| Complete 
|  62|0x00000000a6000000, 0x00000000a6100000, 0x00000000a6100000|100%| E|CS|TAMS 0x00000000a6000000, 0x00000000a6000000| Complete 
|  93|0x00000000a7f00000, 0x00000000a8000000, 0x00000000a8000000|100%| E|CS|TAMS 0x00000000a7f00000, 0x00000000a7f00000| Complete 

Card table byte_map: [0x000002117d620000,0x000002117d910000] _byte_map_base: 0x000002117d10f000

Marking Bits (Prev, Next): (CMBitMap*) 0x000002116431d9a0, (CMBitMap*) 0x000002116431d9e0
 Prev Bits: [0x000002117dc00000, 0x000002117f378000)
 Next Bits: [0x0000021100000000, 0x0000021101778000)

Polling page: 0x0000021164390000

Metaspace:

Usage:
  Non-class:     31.22 MB used.
      Class:      4.55 MB used.
       Both:     35.77 MB used.

Virtual space:
  Non-class space:       64.00 MB reserved,      31.38 MB ( 49%) committed,  1 nodes.
      Class space:        1.00 GB reserved,       4.69 MB ( <1%) committed,  1 nodes.
             Both:        1.06 GB reserved,      36.06 MB (  3%) committed. 

Chunk freelists:
   Non-Class:  176.00 KB
       Class:  11.20 MB
        Both:  11.38 MB

MaxMetaspaceSize: unlimited
CompressedClassSpaceSize: 1.00 GB
Initial GC threshold: 21.00 MB
Current GC threshold: 58.69 MB
CDS: on
MetaspaceReclaimPolicy: balanced
 - commit_granule_bytes: 65536.
 - commit_granule_words: 8192.
 - virtual_space_node_default_size: 8388608.
 - enlarge_chunks_in_place: 1.
 - new_chunks_are_fully_committed: 0.
 - uncommit_free_chunks: 1.
 - use_allocation_guard: 0.
 - handle_deallocations: 1.


Internal statistics:

num_allocs_failed_limit: 6.
num_arena_births: 262.
num_arena_deaths: 0.
num_vsnodes_births: 2.
num_vsnodes_deaths: 0.
num_space_committed: 577.
num_space_uncommitted: 0.
num_chunks_returned_to_freelist: 6.
num_chunks_taken_from_freelist: 1541.
num_chunk_merges: 6.
num_chunk_splits: 1094.
num_chunks_enlarged: 884.
num_purges: 0.
num_inconsistent_stats: 0.

CodeHeap 'non-profiled nmethods': size=119168Kb used=2045Kb max_used=2045Kb free=117122Kb
 bounds [0x0000021174f20000, 0x0000021175190000, 0x000002117c380000]
CodeHeap 'profiled nmethods': size=119104Kb used=8928Kb max_used=8928Kb free=110175Kb
 bounds [0x000002116d380000, 0x000002116dc40000, 0x00000211747d0000]
CodeHeap 'non-nmethods': size=7488Kb used=1804Kb max_used=2388Kb free=5683Kb
 bounds [0x00000211747d0000, 0x0000021174a40000, 0x0000021174f20000]
 total_blobs=4508 nmethods=3958 adapters=461
 compilation: enabled
              stopped_count=0, restarted_count=0
 full_count=0

Compilation events (20 events):
Event: 7.392 Thread 0x0000021103b430a0 3960       3       org.h2.command.Parser::testToken (35 bytes)
Event: 7.392 Thread 0x0000021149093660 3961       3       org.h2.command.Parser::readIf (25 bytes)
Event: 7.393 Thread 0x0000021103b430a0 nmethod 3960 0x000002116dc1e590 code [0x000002116dc1e780, 0x000002116dc1eb78]
Event: 7.393 Thread 0x0000021103b430a0 3963       3       java.util.concurrent.ConcurrentHashMap::<init> (9 bytes)
Event: 7.393 Thread 0x0000021103b430a0 nmethod 3963 0x000002116dc1ed10 code [0x000002116dc1eee0, 0x000002116dc1f028]
Event: 7.393 Thread 0x0000021103b430a0 3962       3       org.h2.command.Parser::addExpected (17 bytes)
Event: 7.393 Thread 0x0000021149093660 nmethod 3961 0x000002116dc1f110 code [0x000002116dc1f360, 0x000002116dc1fcf8]
Event: 7.394 Thread 0x0000021103b430a0 nmethod 3962 0x000002116dc20090 code [0x000002116dc20260, 0x000002116dc207c8]
Event: 7.394 Thread 0x0000021103b430a0 3964       3       org.h2.command.Parser::addExpected (21 bytes)
Event: 7.394 Thread 0x0000021103b430a0 nmethod 3964 0x000002116dc20a10 code [0x000002116dc20be0, 0x000002116dc21188]
Event: 7.395 Thread 0x0000021103b430a0 3965       3       org.h2.command.Parser::readIf (21 bytes)
Event: 7.396 Thread 0x0000021103b430a0 nmethod 3965 0x000002116dc21410 code [0x000002116dc21600, 0x000002116dc21c98]
Event: 7.432 Thread 0x0000021103b430a0 3966   !   3       java.net.URL::<init> (543 bytes)
Event: 7.446 Thread 0x0000021103b430a0 nmethod 3966 0x000002116dc21f10 code [0x000002116dc22580, 0x000002116dc25e88]
Event: 7.486 Thread 0x0000021103b430a0 3968       3       java.net.URLStreamHandler::parseURL (1201 bytes)
Event: 7.511 Thread 0x0000021149093660 3969       1       java.util.Collections$EmptyEnumeration::hasMoreElements (2 bytes)
Event: 7.511 Thread 0x0000021149093660 nmethod 3969 0x000002117511f110 code [0x000002117511f2a0, 0x000002117511f378]
Event: 7.518 Thread 0x0000021103b430a0 nmethod 3968 0x000002116dc27d90 code [0x000002116dc28ec0, 0x000002116dc334e8]
Event: 7.665 Thread 0x0000021103b430a0 3970       3       jdk.internal.loader.BuiltinClassLoader$1::hasNext (93 bytes)
Event: 7.666 Thread 0x0000021103b430a0 nmethod 3970 0x000002116dc37410 code [0x000002116dc37640, 0x000002116dc380a8]

GC Heap History (16 events):
Event: 1.586 GC heap before
{Heap before GC invocations=0 (full 0):
 garbage-first heap   total 96256K, used 23552K [0x00000000a2200000, 0x0000000100000000)
  region size 1024K, 23 young (23552K), 0 survivors (0K)
 Metaspace       used 6204K, committed 6400K, reserved 1114112K
  class space    used 730K, committed 832K, reserved 1048576K
}
Event: 1.600 GC heap after
{Heap after GC invocations=1 (full 0):
 garbage-first heap   total 96256K, used 7324K [0x00000000a2200000, 0x0000000100000000)
  region size 1024K, 3 young (3072K), 3 survivors (3072K)
 Metaspace       used 6204K, committed 6400K, reserved 1114112K
  class space    used 730K, committed 832K, reserved 1048576K
}
Event: 2.622 GC heap before
{Heap before GC invocations=1 (full 0):
 garbage-first heap   total 96256K, used 34972K [0x00000000a2200000, 0x0000000100000000)
  region size 1024K, 30 young (30720K), 3 survivors (3072K)
 Metaspace       used 13357K, committed 13504K, reserved 1114112K
  class space    used 1780K, committed 1856K, reserved 1048576K
}
Event: 2.632 GC heap after
{Heap after GC invocations=2 (full 0):
 garbage-first heap   total 96256K, used 9636K [0x00000000a2200000, 0x0000000100000000)
  region size 1024K, 3 young (3072K), 3 survivors (3072K)
 Metaspace       used 13357K, committed 13504K, reserved 1114112K
  class space    used 1780K, committed 1856K, reserved 1048576K
}
Event: 3.519 GC heap before
{Heap before GC invocations=2 (full 0):
 garbage-first heap   total 96256K, used 45476K [0x00000000a2200000, 0x0000000100000000)
  region size 1024K, 39 young (39936K), 3 survivors (3072K)
 Metaspace       used 20416K, committed 20672K, reserved 1114112K
  class space    used 2586K, committed 2688K, reserved 1048576K
}
Event: 3.529 GC heap after
{Heap after GC invocations=3 (full 0):
 garbage-first heap   total 96256K, used 11805K [0x00000000a2200000, 0x0000000100000000)
  region size 1024K, 5 young (5120K), 5 survivors (5120K)
 Metaspace       used 20416K, committed 20672K, reserved 1114112K
  class space    used 2586K, committed 2688K, reserved 1048576K
}
Event: 3.817 GC heap before
{Heap before GC invocations=3 (full 0):
 garbage-first heap   total 96256K, used 18973K [0x00000000a2200000, 0x0000000100000000)
  region size 1024K, 13 young (13312K), 5 survivors (5120K)
 Metaspace       used 21313K, committed 21504K, reserved 1114112K
  class space    used 2695K, committed 2816K, reserved 1048576K
}
Event: 3.828 GC heap after
{Heap after GC invocations=4 (full 0):
 garbage-first heap   total 96256K, used 11792K [0x00000000a2200000, 0x0000000100000000)
  region size 1024K, 3 young (3072K), 3 survivors (3072K)
 Metaspace       used 21313K, committed 21504K, reserved 1114112K
  class space    used 2695K, committed 2816K, reserved 1048576K
}
Event: 5.138 GC heap before
{Heap before GC invocations=5 (full 0):
 garbage-first heap   total 48128K, used 37392K [0x00000000a2200000, 0x0000000100000000)
  region size 1024K, 28 young (28672K), 3 survivors (3072K)
 Metaspace       used 26040K, committed 26368K, reserved 1114112K
  class space    used 3376K, committed 3520K, reserved 1048576K
}
Event: 5.154 GC heap after
{Heap after GC invocations=6 (full 0):
 garbage-first heap   total 48128K, used 14132K [0x00000000a2200000, 0x0000000100000000)
  region size 1024K, 3 young (3072K), 3 survivors (3072K)
 Metaspace       used 26040K, committed 26368K, reserved 1114112K
  class space    used 3376K, committed 3520K, reserved 1048576K
}
Event: 5.205 GC heap before
{Heap before GC invocations=6 (full 0):
 garbage-first heap   total 48128K, used 15156K [0x00000000a2200000, 0x0000000100000000)
  region size 1024K, 4 young (4096K), 3 survivors (3072K)
 Metaspace       used 26183K, committed 26432K, reserved 1114112K
  class space    used 3399K, committed 3520K, reserved 1048576K
}
Event: 5.214 GC heap after
{Heap after GC invocations=7 (full 0):
 garbage-first heap   total 48128K, used 14710K [0x00000000a2200000, 0x0000000100000000)
  region size 1024K, 1 young (1024K), 1 survivors (1024K)
 Metaspace       used 26183K, committed 26432K, reserved 1114112K
  class space    used 3399K, committed 3520K, reserved 1048576K
}
Event: 6.363 GC heap before
{Heap before GC invocations=7 (full 0):
 garbage-first heap   total 48128K, used 33142K [0x00000000a2200000, 0x0000000100000000)
  region size 1024K, 20 young (20480K), 1 survivors (1024K)
 Metaspace       used 30196K, committed 30528K, reserved 1114112K
  class space    used 3894K, committed 4032K, reserved 1048576K
}
Event: 6.373 GC heap after
{Heap after GC invocations=8 (full 0):
 garbage-first heap   total 70656K, used 16209K [0x00000000a2200000, 0x0000000100000000)
  region size 1024K, 2 young (2048K), 2 survivors (2048K)
 Metaspace       used 30196K, committed 30528K, reserved 1114112K
  class space    used 3894K, committed 4032K, reserved 1048576K
}
Event: 7.434 GC heap before
{Heap before GC invocations=8 (full 0):
 garbage-first heap   total 70656K, used 35665K [0x00000000a2200000, 0x0000000100000000)
  region size 1024K, 23 young (23552K), 2 survivors (2048K)
 Metaspace       used 35722K, committed 35968K, reserved 1114112K
  class space    used 4523K, committed 4672K, reserved 1048576K
}
Event: 7.440 GC heap after
{Heap after GC invocations=9 (full 0):
 garbage-first heap   total 70656K, used 17790K [0x00000000a2200000, 0x0000000100000000)
  region size 1024K, 4 young (4096K), 4 survivors (4096K)
 Metaspace       used 35722K, committed 35968K, reserved 1114112K
  class space    used 4523K, committed 4672K, reserved 1048576K
}

Deoptimization events (20 events):
Event: 6.538 Thread 0x00000211642cf880 Uncommon trap: trap_request=0xffffffbe fr.pc=0x00000211751010e8 relative=0x0000000000000728
Event: 6.538 Thread 0x00000211642cf880 Uncommon trap: reason=profile_predicate action=maybe_recompile pc=0x00000211751010e8 method=java.lang.PublicMethods$MethodList.filter([Ljava/lang/reflect/Method;Ljava/lang/String;[Ljava/lang/Class;Z)Ljava/lang/PublicMethods$MethodList; @ 21 c2
Event: 6.538 Thread 0x00000211642cf880 DEOPT PACKING pc=0x00000211751010e8 sp=0x000000449effc7e0
Event: 6.538 Thread 0x00000211642cf880 DEOPT UNPACKING pc=0x00000211748223a3 sp=0x000000449effc798 mode 2
Event: 6.718 Thread 0x00000211642cf880 Uncommon trap: trap_request=0xffffffde fr.pc=0x00000211750c1104 relative=0x00000000000010e4
Event: 6.718 Thread 0x00000211642cf880 Uncommon trap: reason=class_check action=maybe_recompile pc=0x00000211750c1104 method=java.util.Properties$LineReader.readLine()I @ 479 c2
Event: 6.718 Thread 0x00000211642cf880 DEOPT PACKING pc=0x00000211750c1104 sp=0x000000449effbe10
Event: 6.718 Thread 0x00000211642cf880 DEOPT UNPACKING pc=0x00000211748223a3 sp=0x000000449effbd98 mode 2
Event: 7.327 Thread 0x00000211642cf880 Uncommon trap: trap_request=0xfffffff4 fr.pc=0x00000211750620a0 relative=0x0000000000000760
Event: 7.327 Thread 0x00000211642cf880 Uncommon trap: reason=null_check action=make_not_entrant pc=0x00000211750620a0 method=org.springframework.beans.factory.support.DefaultListableBeanFactory.getBeanDefinition(Ljava/lang/String;)Lorg/springframework/beans/factory/config/BeanDefinition; @ 10 
Event: 7.327 Thread 0x00000211642cf880 DEOPT PACKING pc=0x00000211750620a0 sp=0x000000449effdae0
Event: 7.327 Thread 0x00000211642cf880 DEOPT UNPACKING pc=0x00000211748223a3 sp=0x000000449effda18 mode 2
Event: 7.373 Thread 0x00000211642cf880 Uncommon trap: trap_request=0xffffff45 fr.pc=0x00000211750eb90c relative=0x0000000000001f2c
Event: 7.374 Thread 0x00000211642cf880 Uncommon trap: reason=unstable_if action=reinterpret pc=0x00000211750eb90c method=java.net.URL.<init>(Ljava/net/URL;Ljava/lang/String;Ljava/net/URLStreamHandler;)V @ 57 c2
Event: 7.374 Thread 0x00000211642cf880 DEOPT PACKING pc=0x00000211750eb90c sp=0x000000449effe450
Event: 7.374 Thread 0x00000211642cf880 DEOPT UNPACKING pc=0x00000211748223a3 sp=0x000000449effe410 mode 2
Event: 7.374 Thread 0x00000211642cf880 Uncommon trap: trap_request=0xffffff45 fr.pc=0x0000021175010a18 relative=0x0000000000003158
Event: 7.374 Thread 0x00000211642cf880 Uncommon trap: reason=unstable_if action=reinterpret pc=0x0000021175010a18 method=java.net.URLStreamHandler.parseURL(Ljava/net/URL;Ljava/lang/String;II)V @ 57 c2
Event: 7.374 Thread 0x00000211642cf880 DEOPT PACKING pc=0x0000021175010a18 sp=0x000000449effe2c0
Event: 7.374 Thread 0x00000211642cf880 DEOPT UNPACKING pc=0x00000211748223a3 sp=0x000000449effe280 mode 2

Classes unloaded (0 events):
No events

Classes redefined (0 events):
No events

Internal exceptions (20 events):
Event: 4.856 Thread 0x00000211642cf880 Exception <a 'java/lang/ClassNotFoundException'{0x00000000a3979fc8}: org/springframework/beans/factory/AwareCustomizer> (0x00000000a3979fc8) 
thrown [s\open\src\hotspot\share\classfile\systemDictionary.cpp, line 256]
Event: 4.931 Thread 0x00000211642cf880 Exception <a 'java/lang/NoSuchMethodError'{0x00000000a38fec20}: 'java.lang.Object java.lang.invoke.DirectMethodHandle$Holder.invokeSpecialIFC(java.lang.Object, java.lang.Object, java.lang.Object)'> (0x00000000a38fec20) 
thrown [s\open\src\hotspot\share\interpreter\linkResolver.cpp, line 759]
Event: 5.008 Thread 0x00000211642cf880 Implicit null exception at 0x0000021174fdd9a2 to 0x0000021174fde860
Event: 5.126 Thread 0x00000211642cf880 Implicit null exception at 0x000002117508961a to 0x0000021175089af0
Event: 5.130 Thread 0x00000211642cf880 Exception <a 'java/lang/NoSuchMethodError'{0x00000000a35e0ea0}: 'java.lang.Object java.lang.invoke.DirectMethodHandle$Holder.invokeStatic(java.lang.Object, java.lang.Object, int)'> (0x00000000a35e0ea0) 
thrown [s\open\src\hotspot\share\interpreter\linkResolver.cpp, line 759]
Event: 5.132 Thread 0x00000211642cf880 Exception <a 'java/lang/NoSuchMethodError'{0x00000000a35ec840}: 'void java.lang.invoke.DelegatingMethodHandle$Holder.delegate(java.lang.Object, java.lang.Object, int, java.lang.Object)'> (0x00000000a35ec840) 
thrown [s\open\src\hotspot\share\interpreter\linkResolver.cpp, line 759]
Event: 5.223 Thread 0x00000211642cf880 Exception <a 'java/lang/NoSuchMethodError'{0x00000000a7f2a758}: 'void java.lang.invoke.DirectMethodHandle$Holder.invokeInterface(java.lang.Object, java.lang.Object, int)'> (0x00000000a7f2a758) 
thrown [s\open\src\hotspot\share\interpreter\linkResolver.cpp, line 759]
Event: 5.227 Thread 0x00000211642cf880 Exception <a 'java/lang/NoSuchMethodError'{0x00000000a7f44550}: 'int java.lang.invoke.DirectMethodHandle$Holder.invokeVirtual(java.lang.Object, java.lang.Object)'> (0x00000000a7f44550) 
thrown [s\open\src\hotspot\share\interpreter\linkResolver.cpp, line 759]
Event: 5.233 Thread 0x00000211642cf880 Exception <a 'java/lang/IncompatibleClassChangeError'{0x00000000a7f7df28}: Found class java.lang.Object, but interface was expected> (0x00000000a7f7df28) 
thrown [s\open\src\hotspot\share\interpreter\linkResolver.cpp, line 826]
Event: 5.234 Thread 0x00000211642cf880 Exception <a 'java/lang/NoSuchMethodError'{0x00000000a7f830e0}: 'void java.lang.invoke.DirectMethodHandle$Holder.invokeStatic(java.lang.Object, int, java.lang.Object)'> (0x00000000a7f830e0) 
thrown [s\open\src\hotspot\share\interpreter\linkResolver.cpp, line 759]
Event: 5.241 Thread 0x00000211642cf880 Exception <a 'java/lang/NoSuchMethodError'{0x00000000a7fb2200}: 'int java.lang.invoke.DirectMethodHandle$Holder.invokeSpecial(java.lang.Object, java.lang.Object, int)'> (0x00000000a7fb2200) 
thrown [s\open\src\hotspot\share\interpreter\linkResolver.cpp, line 759]
Event: 5.450 Thread 0x00000211642cf880 Exception <a 'java/lang/NoSuchMethodError'{0x00000000a4ba1be0}: 'java.lang.Object java.lang.invoke.DirectMethodHandle$Holder.invokeStaticInit(java.lang.Object, int, int, int, int)'> (0x00000000a4ba1be0) 
thrown [s\open\src\hotspot\share\interpreter\linkResolver.cpp, line 759]
Event: 5.575 Thread 0x00000211642cf880 Exception <a 'java/lang/NoSuchMethodError'{0x00000000a4a73350}: 'java.lang.Object java.lang.invoke.DirectMethodHandle$Holder.invokeStaticInit(java.lang.Object, java.lang.Object, int, int, int, int)'> (0x00000000a4a73350) 
thrown [s\open\src\hotspot\share\interpreter\linkResolver.cpp, line 759]
Event: 6.160 Thread 0x00000211642cf880 Exception <a 'java/io/FileNotFoundException'{0x00000000a4091f30}> (0x00000000a4091f30) 
thrown [s\open\src\hotspot\share\prims\jni.cpp, line 516]
Event: 6.243 Thread 0x00000211642cf880 Exception <a 'java/lang/NoSuchMethodError'{0x00000000a3e15d18}: 'int java.lang.invoke.DirectMethodHandle$Holder.invokeInterface(java.lang.Object, java.lang.Object, java.lang.Object, java.lang.Object)'> (0x00000000a3e15d18) 
thrown [s\open\src\hotspot\share\interpreter\linkResolver.cpp, line 759]
Event: 6.376 Thread 0x00000211642cf880 Exception <a 'java/lang/NoSuchMethodError'{0x00000000a7f028f8}: 'long java.lang.invoke.DirectMethodHandle$Holder.invokeVirtual(java.lang.Object, java.lang.Object)'> (0x00000000a7f028f8) 
thrown [s\open\src\hotspot\share\interpreter\linkResolver.cpp, line 759]
Event: 6.389 Thread 0x00000211642cf880 Exception <a 'java/io/FileNotFoundException'{0x00000000a7f2f2e8}> (0x00000000a7f2f2e8) 
thrown [s\open\src\hotspot\share\prims\jni.cpp, line 516]
Event: 6.884 Thread 0x00000211642cf880 Exception <a 'java/lang/NoSuchMethodError'{0x00000000a5ded3d0}: 'void java.lang.invoke.DirectMethodHandle$Holder.invokeStaticInit(java.lang.Object, java.lang.Object, java.lang.Object, java.lang.Object, java.lang.Object)'> (0x00000000a5ded3d0) 
thrown [s\open\src\hotspot\share\interpreter\linkResolver.cpp, line 759]
Event: 7.303 Thread 0x00000211642cf880 Exception <a 'java/lang/NoSuchMethodError'{0x00000000a55b9ba8}: 'java.lang.Object java.lang.invoke.DirectMethodHandle$Holder.invokeStaticInit(java.lang.Object, java.lang.Object, java.lang.Object, java.lang.Object)'> (0x00000000a55b9ba8) 
thrown [s\open\src\hotspot\share\interpreter\linkResolver.cpp, line 759]
Event: 7.327 Thread 0x00000211642cf880 Implicit null exception at 0x0000021175061d3f to 0x0000021175062090

VM Operations (20 events):
Event: 6.292 Executing VM operation: HandshakeAllThreads
Event: 6.292 Executing VM operation: HandshakeAllThreads done
Event: 6.363 Executing VM operation: G1CollectForAllocation
Event: 6.373 Executing VM operation: G1CollectForAllocation done
Event: 6.395 Executing VM operation: HandshakeAllThreads
Event: 6.395 Executing VM operation: HandshakeAllThreads done
Event: 6.776 Executing VM operation: HandshakeAllThreads
Event: 6.776 Executing VM operation: HandshakeAllThreads done
Event: 6.851 Executing VM operation: HandshakeAllThreads
Event: 6.851 Executing VM operation: HandshakeAllThreads done
Event: 6.889 Executing VM operation: HandshakeAllThreads
Event: 6.889 Executing VM operation: HandshakeAllThreads done
Event: 7.434 Executing VM operation: CollectForMetadataAllocation
Event: 7.443 Executing VM operation: CollectForMetadataAllocation done
Event: 7.457 Executing VM operation: G1Concurrent
Event: 7.462 Executing VM operation: G1Concurrent done
Event: 7.468 Executing VM operation: G1Concurrent
Event: 7.477 Executing VM operation: G1Concurrent done
Event: 7.711 Executing VM operation: HandshakeAllThreads
Event: 7.711 Executing VM operation: HandshakeAllThreads done

Events (20 events):
Event: 6.853 loading class java/util/concurrent/ArrayBlockingQueue
Event: 6.854 loading class java/util/concurrent/ArrayBlockingQueue done
Event: 6.867 loading class java/util/concurrent/atomic/AtomicLongFieldUpdater
Event: 6.868 loading class java/util/concurrent/atomic/AtomicLongFieldUpdater done
Event: 6.868 loading class java/util/concurrent/atomic/AtomicLongFieldUpdater$CASUpdater
Event: 6.868 loading class java/util/concurrent/atomic/AtomicLongFieldUpdater$CASUpdater done
Event: 6.869 loading class java/util/concurrent/atomic/AtomicLongFieldUpdater$CASUpdater$1
Event: 6.869 loading class java/util/concurrent/atomic/AtomicLongFieldUpdater$CASUpdater$1 done
Event: 7.007 Thread 0x0000021149bf1100 Thread exited: 0x0000021149bf1100
Event: 7.266 Thread 0x000002114c35d3c0 Thread added: 0x000002114c35d3c0
Event: 7.267 loading class java/util/concurrent/ThreadPoolExecutor$DiscardOldestPolicy
Event: 7.267 loading class java/util/concurrent/ThreadPoolExecutor$DiscardOldestPolicy done
Event: 7.267 loading class java/util/concurrent/ThreadPoolExecutor$CallerRunsPolicy
Event: 7.267 loading class java/util/concurrent/ThreadPoolExecutor$CallerRunsPolicy done
Event: 7.339 Thread 0x00000211490a8c80 Thread exited: 0x00000211490a8c80
Event: 7.346 loading class java/lang/instrument/ClassFileTransformer
Event: 7.347 loading class java/lang/instrument/ClassFileTransformer done
Event: 7.380 Thread 0x000002114c359a00 Thread added: 0x000002114c359a00
Event: 7.426 loading class java/util/IllegalFormatException
Event: 7.427 loading class java/util/IllegalFormatException done


Dynamic libraries:
0x00007ff62ede0000 - 0x00007ff62edf0000 	C:\Program Files\Java\jdk-17\bin\java.exe
0x00007ffa7b290000 - 0x00007ffa7b4a7000 	C:\WINDOWS\SYSTEM32\ntdll.dll
0x00007ffa440c0000 - 0x00007ffa440d9000 	C:\Program Files\Avast Software\Avast\aswhook.dll
0x00007ffa7a440000 - 0x00007ffa7a504000 	C:\WINDOWS\System32\KERNEL32.DLL
0x00007ffa78760000 - 0x00007ffa78b06000 	C:\WINDOWS\System32\KERNELBASE.dll
0x00007ffa78640000 - 0x00007ffa78751000 	C:\WINDOWS\System32\ucrtbase.dll
0x00007ffa65790000 - 0x00007ffa657ab000 	C:\Program Files\Java\jdk-17\bin\VCRUNTIME140.dll
0x00007ffa661f0000 - 0x00007ffa66209000 	C:\Program Files\Java\jdk-17\bin\jli.dll
0x00007ffa7ae30000 - 0x00007ffa7aee0000 	C:\WINDOWS\System32\ADVAPI32.dll
0x00007ffa79960000 - 0x00007ffa79a07000 	C:\WINDOWS\System32\msvcrt.dll
0x00007ffa79a10000 - 0x00007ffa79ab6000 	C:\WINDOWS\System32\sechost.dll
0x00007ffa79ac0000 - 0x00007ffa79bd7000 	C:\WINDOWS\System32\RPCRT4.dll
0x00007ffa794f0000 - 0x00007ffa7969d000 	C:\WINDOWS\System32\USER32.dll
0x00007ffa78610000 - 0x00007ffa78636000 	C:\WINDOWS\System32\win32u.dll
0x00007ffa797b0000 - 0x00007ffa797d9000 	C:\WINDOWS\System32\GDI32.dll
0x00007ffa78b10000 - 0x00007ffa78c28000 	C:\WINDOWS\System32\gdi32full.dll
0x00007ffa78c30000 - 0x00007ffa78cca000 	C:\WINDOWS\System32\msvcp_win.dll
0x00007ffa61ad0000 - 0x00007ffa61d63000 	C:\WINDOWS\WinSxS\amd64_microsoft.windows.common-controls_6595b64144ccf1df_6.0.22621.2361_none_2712ced57382f843\COMCTL32.dll
0x00007ffa6e3c0000 - 0x00007ffa6e3ca000 	C:\WINDOWS\SYSTEM32\VERSION.dll
0x00007ffa7aaa0000 - 0x00007ffa7aad1000 	C:\WINDOWS\System32\IMM32.DLL
0x00007ffa69210000 - 0x00007ffa6921c000 	C:\Program Files\Java\jdk-17\bin\vcruntime140_1.dll
0x00007ff9ed660000 - 0x00007ff9ed6ee000 	C:\Program Files\Java\jdk-17\bin\msvcp140.dll
0x00007ff9a9cc0000 - 0x00007ff9aa89e000 	C:\Program Files\Java\jdk-17\bin\server\jvm.dll
0x00007ffa7b0a0000 - 0x00007ffa7b0a8000 	C:\WINDOWS\System32\PSAPI.DLL
0x00007ffa67d00000 - 0x00007ffa67d09000 	C:\WINDOWS\SYSTEM32\WSOCK32.dll
0x00007ffa6fef0000 - 0x00007ffa6ff24000 	C:\WINDOWS\SYSTEM32\WINMM.dll
0x00007ffa7a600000 - 0x00007ffa7a671000 	C:\WINDOWS\System32\WS2_32.dll
0x00007ffa775f0000 - 0x00007ffa77608000 	C:\WINDOWS\SYSTEM32\kernel.appcore.dll
0x00007ffa65780000 - 0x00007ffa6578a000 	C:\Program Files\Java\jdk-17\bin\jimage.dll
0x00007ffa761e0000 - 0x00007ffa7640e000 	C:\WINDOWS\SYSTEM32\DBGHELP.DLL
0x00007ffa7a710000 - 0x00007ffa7aa9a000 	C:\WINDOWS\System32\combase.dll
0x00007ffa7aae0000 - 0x00007ffa7abb7000 	C:\WINDOWS\System32\OLEAUT32.dll
0x00007ffa6e480000 - 0x00007ffa6e4b2000 	C:\WINDOWS\SYSTEM32\dbgcore.DLL
0x00007ffa78d90000 - 0x00007ffa78e0a000 	C:\WINDOWS\System32\bcryptPrimitives.dll
0x00007ffa6d410000 - 0x00007ffa6d41e000 	C:\Program Files\Java\jdk-17\bin\instrument.dll
0x00007ffa5e690000 - 0x00007ffa5e6b5000 	C:\Program Files\Java\jdk-17\bin\java.dll
0x00007ff9e4240000 - 0x00007ff9e4317000 	C:\Program Files\Java\jdk-17\bin\jsvml.dll
0x00007ffa79be0000 - 0x00007ffa7a438000 	C:\WINDOWS\System32\SHELL32.dll
0x00007ffa76570000 - 0x00007ffa76e62000 	C:\WINDOWS\SYSTEM32\windows.storage.dll
0x00007ffa76430000 - 0x00007ffa7656e000 	C:\WINDOWS\SYSTEM32\wintypes.dll
0x00007ffa797e0000 - 0x00007ffa798d3000 	C:\WINDOWS\System32\SHCORE.dll
0x00007ffa796a0000 - 0x00007ffa796fe000 	C:\WINDOWS\System32\shlwapi.dll
0x00007ffa78540000 - 0x00007ffa78566000 	C:\WINDOWS\SYSTEM32\profapi.dll
0x00007ffa543e0000 - 0x00007ffa543f8000 	C:\Program Files\Java\jdk-17\bin\zip.dll
0x00007ffa635f0000 - 0x00007ffa63609000 	C:\Program Files\Java\jdk-17\bin\net.dll
0x00007ffa6fdb0000 - 0x00007ffa6fee7000 	C:\WINDOWS\SYSTEM32\WINHTTP.dll
0x00007ffa77ad0000 - 0x00007ffa77b39000 	C:\WINDOWS\system32\mswsock.dll
0x00007ffa54400000 - 0x00007ffa54416000 	C:\Program Files\Java\jdk-17\bin\nio.dll
0x00007ffa65730000 - 0x00007ffa6574a000 	C:\Program Files\JetBrains\IntelliJ IDEA Educational Edition 2022.2.2\bin\breakgen64.dll
0x00007ffa62f00000 - 0x00007ffa62f10000 	C:\Program Files\Java\jdk-17\bin\verify.dll
0x00007ffa6d400000 - 0x00007ffa6d40a000 	C:\Program Files\Java\jdk-17\bin\management.dll
0x00007ffa69270000 - 0x00007ffa6927b000 	C:\Program Files\Java\jdk-17\bin\management_ext.dll
0x00007ffa48560000 - 0x00007ffa48577000 	C:\WINDOWS\system32\napinsp.dll
0x00007ffa48580000 - 0x00007ffa4859b000 	C:\WINDOWS\system32\pnrpnsp.dll
0x00007ffa77140000 - 0x00007ffa77239000 	C:\WINDOWS\SYSTEM32\DNSAPI.dll
0x00007ffa770d0000 - 0x00007ffa770fd000 	C:\WINDOWS\SYSTEM32\IPHLPAPI.DLL
0x00007ffa7a6b0000 - 0x00007ffa7a6b9000 	C:\WINDOWS\System32\NSI.dll
0x00007ffa485a0000 - 0x00007ffa485b1000 	C:\WINDOWS\System32\winrnr.dll
0x00007ffa6ff30000 - 0x00007ffa6ff45000 	C:\WINDOWS\system32\wshbth.dll
0x00007ffa485d0000 - 0x00007ffa485f1000 	C:\WINDOWS\system32\nlansp_c.dll
0x00007ffa6daa0000 - 0x00007ffa6daaa000 	C:\Windows\System32\rasadhlp.dll
0x00007ffa6ec60000 - 0x00007ffa6ece4000 	C:\WINDOWS\System32\fwpuclnt.dll
0x00007ffa77d30000 - 0x00007ffa77d4b000 	C:\WINDOWS\SYSTEM32\CRYPTSP.dll
0x00007ffa775b0000 - 0x00007ffa775e5000 	C:\WINDOWS\system32\rsaenh.dll
0x00007ffa77bc0000 - 0x00007ffa77bec000 	C:\WINDOWS\SYSTEM32\USERENV.dll
0x00007ffa77ee0000 - 0x00007ffa77f08000 	C:\WINDOWS\SYSTEM32\bcrypt.dll
0x00007ffa77d20000 - 0x00007ffa77d2c000 	C:\WINDOWS\SYSTEM32\CRYPTBASE.dll
0x00007ffa6fd90000 - 0x00007ffa6fda9000 	C:\WINDOWS\SYSTEM32\dhcpcsvc6.DLL
0x00007ffa6fd70000 - 0x00007ffa6fd8f000 	C:\WINDOWS\SYSTEM32\dhcpcsvc.DLL
0x00007ffa69260000 - 0x00007ffa6926e000 	C:\Program Files\Java\jdk-17\bin\sunmscapi.dll
0x00007ffa78e10000 - 0x00007ffa78f76000 	C:\WINDOWS\System32\CRYPT32.dll
0x00007ffa77eb0000 - 0x00007ffa77edd000 	C:\WINDOWS\SYSTEM32\ncrypt.dll
0x00007ffa77e70000 - 0x00007ffa77ea7000 	C:\WINDOWS\SYSTEM32\NTASN1.dll

dbghelp: loaded successfully - version: 4.0.5 - missing functions: none
symbol engine: initialized successfully - sym options: 0x614 - pdb path: .;C:\Program Files\Java\jdk-17\bin;C:\WINDOWS\SYSTEM32;C:\Program Files\Avast Software\Avast;C:\WINDOWS\WinSxS\amd64_microsoft.windows.common-controls_6595b64144ccf1df_6.0.22621.2361_none_2712ced57382f843;C:\Program Files\Java\jdk-17\bin\server;C:\Program Files\JetBrains\IntelliJ IDEA Educational Edition 2022.2.2\bin

VM Arguments:
jvm_args: -javaagent:C:\Program Files\JetBrains\IntelliJ IDEA Educational Edition 2022.2.2\lib\idea_rt.jar=54151:C:\Program Files\JetBrains\IntelliJ IDEA Educational Edition 2022.2.2\bin -Dfile.encoding=UTF-8 
java_command: lira.wakacop.WakacopApplication
java_class_path (initial): C:\Workspace\wakacop\wakacop\target\classes;C:\Users\Zelto Lira\.m2\repository\org\springframework\boot\spring-boot-starter-data-jpa\2.7.17-SNAPSHOT\spring-boot-starter-data-jpa-2.7.17-SNAPSHOT.jar;C:\Users\Zelto Lira\.m2\repository\org\springframework\boot\spring-boot-starter-aop\2.7.17-SNAPSHOT\spring-boot-starter-aop-2.7.17-SNAPSHOT.jar;C:\Users\Zelto Lira\.m2\repository\org\springframework\spring-aop\5.3.30\spring-aop-5.3.30.jar;C:\Users\Zelto Lira\.m2\repository\org\aspectj\aspectjweaver\1.9.7\aspectjweaver-1.9.7.jar;C:\Users\Zelto Lira\.m2\repository\org\springframework\boot\spring-boot-starter-jdbc\2.7.17-SNAPSHOT\spring-boot-starter-jdbc-2.7.17-SNAPSHOT.jar;C:\Users\Zelto Lira\.m2\repository\com\zaxxer\HikariCP\4.0.3\HikariCP-4.0.3.jar;C:\Users\Zelto Lira\.m2\repository\org\springframework\spring-jdbc\5.3.30\spring-jdbc-5.3.30.jar;C:\Users\Zelto Lira\.m2\repository\jakarta\transaction\jakarta.transaction-api\1.3.3\jakarta.transaction-api-1.3.3.jar;C:\Users\Zelto Lira\.m2\repository\jakarta\persistence\jakarta.persistence-api\2.2.3\jakarta.persistence-api-2.2.3.jar;C:\Users\Zelto Lira\.m2\repository\org\hibernate\hibernate-core\5.6.15.Final\hibernate-core-5.6.15.Final.jar;C:\Users\Zelto Lira\.m2\repository\org\jboss\logging\jboss-logging\3.4.3.Final\jboss-logging-3.4.3.Final.jar;C:\Users\Zelto Lira\.m2\repository\net\bytebuddy\byte-buddy\1.12.23\byte-buddy-1.12.23.jar;C:\Users\Zelto Lira\.m2\repository\antlr\antlr\2.7.7\antlr-2.7.7.jar;C:\Users\Zelto Lira\.m2\repository\org\jboss\jandex\2.4.2.Final\jandex-2.4.2.Final.jar;C:\Users\Zelto Lira\.m2\repository\com\fasterxml\classmate\1.5.1\classmate-1.5.1.jar;C:\Users\Zelto Lira\.m2\repository\org\hibernate\common\hibernate-commons-annotations\5.1.2.Final\hibernate-commons-annotations-5.1.2.Final.jar;C:\Users\Zelto Lira\.m2\repository\org\glassfish\jaxb\jaxb-runtime\2.3.8\jaxb-runtime-2.3.8.jar;C:\Users\Zelto Lira\.m2\repository\org\glassfish\jaxb\txw2\2.3.8\txw2-2.3.8.jar;C:\Users\Zel
Launcher Type: SUN_STANDARD

[Global flags]
     intx CICompilerCount                          = 12                                        {product} {ergonomic}
     uint ConcGCThreads                            = 3                                         {product} {ergonomic}
     uint G1ConcRefinementThreads                  = 13                                        {product} {ergonomic}
   size_t G1HeapRegionSize                         = 1048576                                   {product} {ergonomic}
    uintx GCDrainStackTargetSize                   = 64                                        {product} {ergonomic}
   size_t InitialHeapSize                          = 98566144                                  {product} {ergonomic}
   size_t MarkStackSize                            = 4194304                                   {product} {ergonomic}
   size_t MaxHeapSize                              = 1574961152                                {product} {ergonomic}
   size_t MaxNewSize                               = 944766976                                 {product} {ergonomic}
   size_t MinHeapDeltaBytes                        = 1048576                                   {product} {ergonomic}
   size_t MinHeapSize                              = 8388608                                   {product} {ergonomic}
    uintx NonNMethodCodeHeapSize                   = 7602480                                {pd product} {ergonomic}
    uintx NonProfiledCodeHeapSize                  = 122027880                              {pd product} {ergonomic}
    uintx ProfiledCodeHeapSize                     = 122027880                              {pd product} {ergonomic}
    uintx ReservedCodeCacheSize                    = 251658240                              {pd product} {ergonomic}
     bool SegmentedCodeCache                       = true                                      {product} {ergonomic}
   size_t SoftMaxHeapSize                          = 1574961152                             {manageable} {ergonomic}
     bool UseCompressedClassPointers               = true                           {product lp64_product} {ergonomic}
     bool UseCompressedOops                        = true                           {product lp64_product} {ergonomic}
     bool UseG1GC                                  = true                                      {product} {ergonomic}
     bool UseLargePagesIndividualAllocation        = false                                  {pd product} {ergonomic}

Logging:
Log output configuration:
 #0: stdout all=warning uptime,level,tags
 #1: stderr all=off uptime,level,tags

Environment Variables:
JAVA_HOME=C:\Program Files\Java\jdk-11
PATH=C:\Program Files\Common Files\Oracle\Java\javapath;C:\WINDOWS\system32;C:\WINDOWS;C:\WINDOWS\System32\Wbem;C:\WINDOWS\System32\WindowsPowerShell\v1.0\;C:\WINDOWS\System32\OpenSSH\;C:\Program Files\Java\jdk-11\bin;C:\Program Files\Git\cmd;C:\Users\Zelto Lira\AppData\Local\Microsoft\WindowsApps;C:\apache-maven-3.9.3\bin;C:\Program Files\JetBrains\IntelliJ IDEA Educational Edition 2022.2.2\bin;;C:\Program Files\Java\jdk-17\bin;
USERNAME=Zelto Lira
OS=Windows_NT
PROCESSOR_IDENTIFIER=AMD64 Family 23 Model 104 Stepping 1, AuthenticAMD



---------------  S Y S T E M  ---------------

OS:
 Windows 11 , 64 bit Build 22621 (10.0.22621.2428)
OS uptime: 2 days 21:21 hours

CPU: total 16 (initial active 16) (16 cores per cpu, 2 threads per core) family 23 model 104 stepping 1 microcode 0x0, cx8, cmov, fxsr, ht, mmx, 3dnowpref, sse, sse2, sse3, ssse3, sse4a, sse4.1, sse4.2, popcnt, lzcnt, tsc, tscinvbit, avx, avx2, aes, clmul, bmi1, bmi2, adx, sha, fma, vzeroupper, clflush, clflushopt

Memory: 4k page, system-wide physical 6005M (351M free)
TotalPageFile size 24437M (AvailPageFile size 3M)
current process WorkingSet (physical memory assigned to process): 194M, peak: 198M
current process commit charge ("private bytes"): 247M, peak: 252M

vm_info: Java HotSpot(TM) 64-Bit Server VM (17.0.8+9-LTS-211) for windows-amd64 JRE (17.0.8+9-LTS-211), built on Jun 14 2023 10:34:31 by "mach5one" with MS VC++ 17.1 (VS2022)

END.
