#
# There is insufficient memory for the Java Runtime Environment to continue.
# Native memory allocation (malloc) failed to allocate 1766416 bytes for Chunk::new
# Possible reasons:
#   The system is out of physical RAM or swap space
#   The process is running with CompressedOops enabled, and the Java Heap may be blocking the growth of the native heap
# Possible solutions:
#   Reduce memory load on the system
#   Increase physical memory or swap space
#   Check if swap backing store is full
#   Decrease Java heap size (-Xmx/-Xms)
#   Decrease number of Java threads
#   Decrease Java thread stack sizes (-Xss)
#   Set larger code cache with -XX:ReservedCodeCacheSize=
#   JVM is running with Unscaled Compressed Oops mode in which the Java heap is
#     placed in the first 4GB address space. The Java Heap base address is the
#     maximum limit for the native heap growth. Please use -XX:HeapBaseMinAddress
#     to set the Java Heap base and to place the Java Heap above 4GB virtual address.
# This output file may be truncated or incomplete.
#
#  Out of Memory Error (arena.cpp:189), pid=71660, tid=42492
#
# JRE version: Java(TM) SE Runtime Environment (17.0.8+9) (build 17.0.8+9-LTS-211)
# Java VM: Java HotSpot(TM) 64-Bit Server VM (17.0.8+9-LTS-211, mixed mode, sharing, tiered, compressed oops, compressed class ptrs, g1 gc, windows-amd64)
# No core dump will be written. Minidumps are not enabled by default on client versions of Windows
#

---------------  S U M M A R Y ------------

Command Line: -javaagent:C:\Program Files\JetBrains\IntelliJ IDEA Educational Edition 2022.2.2\lib\idea_rt.jar=54101:C:\Program Files\JetBrains\IntelliJ IDEA Educational Edition 2022.2.2\bin -Dfile.encoding=UTF-8 lira.wakacop.WakacopApplication

Host: AMD Ryzen 7 5700U with Radeon Graphics         , 16 cores, 5G,  Windows 11 , 64 bit Build 22621 (10.0.22621.2428)
Time: Fri Nov 10 05:38:43 2023 Hora Padrão da Bahia elapsed time: 29.957709 seconds (0d 0h 0m 29s)

---------------  T H R E A D  ---------------

Current thread (0x000001eae2a2d030):  JavaThread "C2 CompilerThread0" daemon [_thread_in_native, id=42492, stack(0x000000a532d00000,0x000000a532e00000)]


Current CompileTask:
C2:  29957 4553   !   4       org.springframework.core.annotation.AnnotationsScanner::processMethodHierarchy (276 bytes)

Stack: [0x000000a532d00000,0x000000a532e00000]
Native frames: (J=compiled Java code, j=interpreted, Vv=VM code, C=native code)
V  [jvm.dll+0x677d0a]
V  [jvm.dll+0x7d8c54]
V  [jvm.dll+0x7da3fe]
V  [jvm.dll+0x7daa63]
V  [jvm.dll+0x245c5f]
V  [jvm.dll+0xaaa6b]
V  [jvm.dll+0xab00c]
V  [jvm.dll+0x361e3f]
V  [jvm.dll+0x32c551]
V  [jvm.dll+0x32b9ea]
V  [jvm.dll+0x217fff]
V  [jvm.dll+0x217431]
V  [jvm.dll+0x1a3af0]
V  [jvm.dll+0x2270be]
V  [jvm.dll+0x22535b]
V  [jvm.dll+0x78e7bc]
V  [jvm.dll+0x788bba]
V  [jvm.dll+0x676b35]
C  [ucrtbase.dll+0x29363]
C  [KERNEL32.DLL+0x1257d]
C  [ntdll.dll+0x5aa78]


---------------  P R O C E S S  ---------------

Threads class SMR info:
_java_thread_list=0x000001eae7e75ea0, length=21, elements={
0x000001eac51ecbf0, 0x000001eae2a119e0, 0x000001eae2a12850, 0x000001eae2a24110,
0x000001eae2a27af0, 0x000001eae2a284a0, 0x000001eae2a28e50, 0x000001eae2a2d030,
0x000001eae2a35a30, 0x000001eae2a49f10, 0x000001eae2c2e550, 0x000001eae70b8990,
0x000001eae7179d80, 0x000001eae7070e70, 0x000001eae7077d30, 0x000001eae9707c90,
0x000001eae96f9c20, 0x000001eae94bb060, 0x000001eae961b8c0, 0x000001eae990b180,
0x000001eae7c9b9b0
}

Java Threads: ( => current thread )
  0x000001eac51ecbf0 JavaThread "main" [_thread_in_Java, id=57160, stack(0x000000a532000000,0x000000a532100000)]
  0x000001eae2a119e0 JavaThread "Reference Handler" daemon [_thread_blocked, id=50848, stack(0x000000a532700000,0x000000a532800000)]
  0x000001eae2a12850 JavaThread "Finalizer" daemon [_thread_blocked, id=70464, stack(0x000000a532800000,0x000000a532900000)]
  0x000001eae2a24110 JavaThread "Signal Dispatcher" daemon [_thread_blocked, id=69384, stack(0x000000a532900000,0x000000a532a00000)]
  0x000001eae2a27af0 JavaThread "Attach Listener" daemon [_thread_blocked, id=57820, stack(0x000000a532a00000,0x000000a532b00000)]
  0x000001eae2a284a0 JavaThread "Service Thread" daemon [_thread_blocked, id=72076, stack(0x000000a532b00000,0x000000a532c00000)]
  0x000001eae2a28e50 JavaThread "Monitor Deflation Thread" daemon [_thread_blocked, id=69352, stack(0x000000a532c00000,0x000000a532d00000)]
=>0x000001eae2a2d030 JavaThread "C2 CompilerThread0" daemon [_thread_in_native, id=42492, stack(0x000000a532d00000,0x000000a532e00000)]
  0x000001eae2a35a30 JavaThread "C1 CompilerThread0" daemon [_thread_blocked, id=66900, stack(0x000000a532e00000,0x000000a532f00000)]
  0x000001eae2a49f10 JavaThread "Sweeper thread" daemon [_thread_blocked, id=69568, stack(0x000000a532f00000,0x000000a533000000)]
  0x000001eae2c2e550 JavaThread "Common-Cleaner" daemon [_thread_blocked, id=65516, stack(0x000000a533000000,0x000000a533100000)]
  0x000001eae70b8990 JavaThread "C1 CompilerThread1" daemon [_thread_blocked, id=69628, stack(0x000000a533100000,0x000000a533200000)]
  0x000001eae7179d80 JavaThread "Monitor Ctrl-Break" daemon [_thread_in_native, id=51328, stack(0x000000a533200000,0x000000a533300000)]
  0x000001eae7070e70 JavaThread "Notification Thread" daemon [_thread_blocked, id=65968, stack(0x000000a533400000,0x000000a533500000)]
  0x000001eae7077d30 JavaThread "C1 CompilerThread2" daemon [_thread_blocked, id=71308, stack(0x000000a533500000,0x000000a533600000)]
  0x000001eae9707c90 JavaThread "Catalina-utility-1" [_thread_blocked, id=48336, stack(0x000000a534500000,0x000000a534600000)]
  0x000001eae96f9c20 JavaThread "Catalina-utility-2" [_thread_blocked, id=55460, stack(0x000000a534600000,0x000000a534700000)]
  0x000001eae94bb060 JavaThread "container-0" [_thread_blocked, id=61136, stack(0x000000a534700000,0x000000a534800000)]
  0x000001eae961b8c0 JavaThread "HikariPool-1 housekeeper" daemon [_thread_blocked, id=70132, stack(0x000000a534800000,0x000000a534900000)]
  0x000001eae990b180 JavaThread "HikariPool-1 connection adder" daemon [_thread_blocked, id=72596, stack(0x000000a534900000,0x000000a534a00000)]
  0x000001eae7c9b9b0 JavaThread "C2 CompilerThread1" daemon [_thread_in_native, id=67676, stack(0x000000a534400000,0x000000a534500000)]

Other Threads:
  0x000001eae2a099d0 VMThread "VM Thread" [stack: 0x000000a532600000,0x000000a532700000] [id=43808]
  0x000001eac52609f0 WatcherThread [stack: 0x000000a533300000,0x000000a533400000] [id=66800]
  0x000001eac5239eb0 GCTaskThread "GC Thread#0" [stack: 0x000000a532100000,0x000000a532200000] [id=61908]
  0x000001eae79bc650 GCTaskThread "GC Thread#1" [stack: 0x000000a533600000,0x000000a533700000] [id=71916]
  0x000001eae79e9df0 GCTaskThread "GC Thread#2" [stack: 0x000000a533700000,0x000000a533800000] [id=60732]
  0x000001eae79ea4b0 GCTaskThread "GC Thread#3" [stack: 0x000000a533800000,0x000000a533900000] [id=33616]
  0x000001eae79ec770 GCTaskThread "GC Thread#4" [stack: 0x000000a533900000,0x000000a533a00000] [id=71908]
  0x000001eae79eeeb0 GCTaskThread "GC Thread#5" [stack: 0x000000a533a00000,0x000000a533b00000] [id=71696]
  0x000001eae79efdf0 GCTaskThread "GC Thread#6" [stack: 0x000000a533b00000,0x000000a533c00000] [id=57580]
  0x000001eae79f0d30 GCTaskThread "GC Thread#7" [stack: 0x000000a533c00000,0x000000a533d00000] [id=55680]
  0x000001eae79f0fe0 GCTaskThread "GC Thread#8" [stack: 0x000000a533d00000,0x000000a533e00000] [id=67928]
  0x000001eae7d158f0 GCTaskThread "GC Thread#9" [stack: 0x000000a533f00000,0x000000a534000000] [id=68488]
  0x000001eae7afdbc0 GCTaskThread "GC Thread#10" [stack: 0x000000a534000000,0x000000a534100000] [id=70256]
  0x000001eae7d684d0 GCTaskThread "GC Thread#11" [stack: 0x000000a534100000,0x000000a534200000] [id=66612]
  0x000001eae86bf920 GCTaskThread "GC Thread#12" [stack: 0x000000a533e00000,0x000000a533f00000] [id=47972]
  0x000001eac52469b0 ConcurrentGCThread "G1 Main Marker" [stack: 0x000000a532200000,0x000000a532300000] [id=66768]
  0x000001eac5248b70 ConcurrentGCThread "G1 Conc#0" [stack: 0x000000a532300000,0x000000a532400000] [id=71740]
  0x000001eae86bfbd0 ConcurrentGCThread "G1 Conc#1" [stack: 0x000000a534200000,0x000000a534300000] [id=36608]
  0x000001eae7fe7640 ConcurrentGCThread "G1 Conc#2" [stack: 0x000000a534300000,0x000000a534400000] [id=46180]
  0x000001eac52ad330 ConcurrentGCThread "G1 Refine#0" [stack: 0x000000a532400000,0x000000a532500000] [id=70240]
  0x000001eac52add50 ConcurrentGCThread "G1 Service" [stack: 0x000000a532500000,0x000000a532600000] [id=45136]

Threads with active compile tasks:
C2 CompilerThread0    30048 4553   !   4       org.springframework.core.annotation.AnnotationsScanner::processMethodHierarchy (276 bytes)
C2 CompilerThread1    30048 4798       4       java.lang.PublicMethods$MethodList::filter (104 bytes)

VM state: not at safepoint (normal execution)

VM Mutex/Monitor currently owned by a thread: None

Heap address: 0x00000000a2200000, size: 1502 MB, Compressed Oops mode: 32-bit

CDS archive(s) mapped at: [0x000001ea80000000-0x000001ea80bd0000-0x000001ea80bd0000), size 12386304, SharedBaseAddress: 0x000001ea80000000, ArchiveRelocationMode: 1.
Compressed class space mapped at: 0x000001ea81000000-0x000001eac1000000, reserved size: 1073741824
Narrow klass base: 0x000001ea80000000, Narrow klass shift: 0, Narrow klass range: 0x100000000

GC Precious Log:
 CPUs: 16 total, 16 available
 Memory: 6005M
 Large Page Support: Disabled
 NUMA Support: Disabled
 Compressed Oops: Enabled (32-bit)
 Heap Region Size: 1M
 Heap Min Capacity: 8M
 Heap Initial Capacity: 94M
 Heap Max Capacity: 1502M
 Pre-touch: Disabled
 Parallel Workers: 13
 Concurrent Workers: 3
 Concurrent Refinement Workers: 13
 Periodic GC: Disabled

Heap:
 garbage-first heap   total 68608K, used 23778K [0x00000000a2200000, 0x0000000100000000)
  region size 1024K, 7 young (7168K), 4 survivors (4096K)
 Metaspace       used 52639K, committed 52928K, reserved 1114112K
  class space    used 7177K, committed 7296K, reserved 1048576K

Heap Regions: E=young(eden), S=young(survivor), O=old, HS=humongous(starts), HC=humongous(continues), CS=collection set, F=free, OA=open archive, CA=closed archive, TAMS=top-at-mark-start (previous, next)
|   0|0x00000000a2200000, 0x00000000a2300000, 0x00000000a2300000|100%|HS|  |TAMS 0x00000000a2300000, 0x00000000a2200000| Complete 
|   1|0x00000000a2300000, 0x00000000a2400000, 0x00000000a2400000|100%| O|  |TAMS 0x00000000a2400000, 0x00000000a2300000| Untracked 
|   2|0x00000000a2400000, 0x00000000a2500000, 0x00000000a2500000|100%| O|  |TAMS 0x00000000a2500000, 0x00000000a2400000| Untracked 
|   3|0x00000000a2500000, 0x00000000a2600000, 0x00000000a2600000|100%| O|  |TAMS 0x00000000a2600000, 0x00000000a2500000| Untracked 
|   4|0x00000000a2600000, 0x00000000a2700000, 0x00000000a2700000|100%| O|  |TAMS 0x00000000a2700000, 0x00000000a2600000| Untracked 
|   5|0x00000000a2700000, 0x00000000a2800000, 0x00000000a2800000|100%| O|  |TAMS 0x00000000a2800000, 0x00000000a2700000| Untracked 
|   6|0x00000000a2800000, 0x00000000a2900000, 0x00000000a2900000|100%| O|  |TAMS 0x00000000a2900000, 0x00000000a2800000| Untracked 
|   7|0x00000000a2900000, 0x00000000a2a00000, 0x00000000a2a00000|100%| O|  |TAMS 0x00000000a2a00000, 0x00000000a2900000| Untracked 
|   8|0x00000000a2a00000, 0x00000000a2b00000, 0x00000000a2b00000|100%| O|  |TAMS 0x00000000a2b00000, 0x00000000a2a00000| Untracked 
|   9|0x00000000a2b00000, 0x00000000a2c00000, 0x00000000a2c00000|100%| O|  |TAMS 0x00000000a2c00000, 0x00000000a2b00000| Untracked 
|  10|0x00000000a2c00000, 0x00000000a2d00000, 0x00000000a2d00000|100%| O|  |TAMS 0x00000000a2d00000, 0x00000000a2c00000| Untracked 
|  11|0x00000000a2d00000, 0x00000000a2e00000, 0x00000000a2e00000|100%| O|  |TAMS 0x00000000a2e00000, 0x00000000a2d00000| Untracked 
|  12|0x00000000a2e00000, 0x00000000a2f00000, 0x00000000a2f00000|100%| O|  |TAMS 0x00000000a2f00000, 0x00000000a2e00000| Untracked 
|  13|0x00000000a2f00000, 0x00000000a3000000, 0x00000000a3000000|100%| O|  |TAMS 0x00000000a3000000, 0x00000000a2f00000| Untracked 
|  14|0x00000000a3000000, 0x00000000a3000000, 0x00000000a3100000|  0%| F|  |TAMS 0x00000000a3000000, 0x00000000a3000000| Untracked 
|  15|0x00000000a3100000, 0x00000000a3200000, 0x00000000a3200000|100%| O|  |TAMS 0x00000000a3172000, 0x00000000a3100000| Untracked 
|  16|0x00000000a3200000, 0x00000000a3300000, 0x00000000a3300000|100%| O|  |TAMS 0x00000000a3200000, 0x00000000a3200000| Untracked 
|  17|0x00000000a3300000, 0x00000000a3400000, 0x00000000a3400000|100%| O|  |TAMS 0x00000000a3300000, 0x00000000a3300000| Untracked 
|  18|0x00000000a3400000, 0x00000000a3500000, 0x00000000a3500000|100%| O|  |TAMS 0x00000000a3400000, 0x00000000a3400000| Untracked 
|  19|0x00000000a3500000, 0x00000000a352f400, 0x00000000a3600000| 18%| O|  |TAMS 0x00000000a3500000, 0x00000000a3500000| Untracked 
|  20|0x00000000a3600000, 0x00000000a3600000, 0x00000000a3700000|  0%| F|  |TAMS 0x00000000a3600000, 0x00000000a3600000| Untracked 
|  21|0x00000000a3700000, 0x00000000a3700000, 0x00000000a3800000|  0%| F|  |TAMS 0x00000000a3700000, 0x00000000a3700000| Untracked 
|  22|0x00000000a3800000, 0x00000000a3800000, 0x00000000a3900000|  0%| F|  |TAMS 0x00000000a3800000, 0x00000000a3800000| Untracked 
|  23|0x00000000a3900000, 0x00000000a3900000, 0x00000000a3a00000|  0%| F|  |TAMS 0x00000000a3900000, 0x00000000a3900000| Untracked 
|  24|0x00000000a3a00000, 0x00000000a3a00000, 0x00000000a3b00000|  0%| F|  |TAMS 0x00000000a3a00000, 0x00000000a3a00000| Untracked 
|  25|0x00000000a3b00000, 0x00000000a3b00000, 0x00000000a3c00000|  0%| F|  |TAMS 0x00000000a3b00000, 0x00000000a3b00000| Untracked 
|  26|0x00000000a3c00000, 0x00000000a3c00000, 0x00000000a3d00000|  0%| F|  |TAMS 0x00000000a3c00000, 0x00000000a3c00000| Untracked 
|  27|0x00000000a3d00000, 0x00000000a3d00000, 0x00000000a3e00000|  0%| F|  |TAMS 0x00000000a3d00000, 0x00000000a3d00000| Untracked 
|  28|0x00000000a3e00000, 0x00000000a3e00000, 0x00000000a3f00000|  0%| F|  |TAMS 0x00000000a3e00000, 0x00000000a3e00000| Untracked 
|  29|0x00000000a3f00000, 0x00000000a3f00000, 0x00000000a4000000|  0%| F|  |TAMS 0x00000000a3f00000, 0x00000000a3f00000| Untracked 
|  30|0x00000000a4000000, 0x00000000a40097b0, 0x00000000a4100000|  3%| S|CS|TAMS 0x00000000a4000000, 0x00000000a4000000| Complete 
|  31|0x00000000a4100000, 0x00000000a4200000, 0x00000000a4200000|100%| S|CS|TAMS 0x00000000a4100000, 0x00000000a4100000| Complete 
|  32|0x00000000a4200000, 0x00000000a4300000, 0x00000000a4300000|100%| S|CS|TAMS 0x00000000a4200000, 0x00000000a4200000| Complete 
|  33|0x00000000a4300000, 0x00000000a4400000, 0x00000000a4400000|100%| S|CS|TAMS 0x00000000a4300000, 0x00000000a4300000| Complete 
|  34|0x00000000a4400000, 0x00000000a4400000, 0x00000000a4500000|  0%| F|  |TAMS 0x00000000a4400000, 0x00000000a4400000| Untracked 
|  35|0x00000000a4500000, 0x00000000a4500000, 0x00000000a4600000|  0%| F|  |TAMS 0x00000000a4500000, 0x00000000a4500000| Untracked 
|  36|0x00000000a4600000, 0x00000000a4600000, 0x00000000a4700000|  0%| F|  |TAMS 0x00000000a4600000, 0x00000000a4600000| Untracked 
|  37|0x00000000a4700000, 0x00000000a4700000, 0x00000000a4800000|  0%| F|  |TAMS 0x00000000a4700000, 0x00000000a4700000| Untracked 
|  38|0x00000000a4800000, 0x00000000a4800000, 0x00000000a4900000|  0%| F|  |TAMS 0x00000000a4800000, 0x00000000a4800000| Untracked 
|  39|0x00000000a4900000, 0x00000000a4900000, 0x00000000a4a00000|  0%| F|  |TAMS 0x00000000a4900000, 0x00000000a4900000| Untracked 
|  40|0x00000000a4a00000, 0x00000000a4a00000, 0x00000000a4b00000|  0%| F|  |TAMS 0x00000000a4a00000, 0x00000000a4a00000| Untracked 
|  41|0x00000000a4b00000, 0x00000000a4b00000, 0x00000000a4c00000|  0%| F|  |TAMS 0x00000000a4b00000, 0x00000000a4b00000| Untracked 
|  42|0x00000000a4c00000, 0x00000000a4c00000, 0x00000000a4d00000|  0%| F|  |TAMS 0x00000000a4c00000, 0x00000000a4c00000| Untracked 
|  43|0x00000000a4d00000, 0x00000000a4d00000, 0x00000000a4e00000|  0%| F|  |TAMS 0x00000000a4d00000, 0x00000000a4d00000| Untracked 
|  44|0x00000000a4e00000, 0x00000000a4e00000, 0x00000000a4f00000|  0%| F|  |TAMS 0x00000000a4e00000, 0x00000000a4e00000| Untracked 
|  45|0x00000000a4f00000, 0x00000000a4f00000, 0x00000000a5000000|  0%| F|  |TAMS 0x00000000a4f00000, 0x00000000a4f00000| Untracked 
|  46|0x00000000a5000000, 0x00000000a5000000, 0x00000000a5100000|  0%| F|  |TAMS 0x00000000a5000000, 0x00000000a5000000| Untracked 
|  47|0x00000000a5100000, 0x00000000a5100000, 0x00000000a5200000|  0%| F|  |TAMS 0x00000000a5100000, 0x00000000a5100000| Untracked 
|  48|0x00000000a5200000, 0x00000000a5200000, 0x00000000a5300000|  0%| F|  |TAMS 0x00000000a5200000, 0x00000000a5200000| Untracked 
|  49|0x00000000a5300000, 0x00000000a5300000, 0x00000000a5400000|  0%| F|  |TAMS 0x00000000a5300000, 0x00000000a5300000| Untracked 
|  50|0x00000000a5400000, 0x00000000a5400000, 0x00000000a5500000|  0%| F|  |TAMS 0x00000000a5400000, 0x00000000a5400000| Untracked 
|  51|0x00000000a5500000, 0x00000000a5500000, 0x00000000a5600000|  0%| F|  |TAMS 0x00000000a5500000, 0x00000000a5500000| Untracked 
|  52|0x00000000a5600000, 0x00000000a5600000, 0x00000000a5700000|  0%| F|  |TAMS 0x00000000a5600000, 0x00000000a5600000| Untracked 
|  53|0x00000000a5700000, 0x00000000a5700000, 0x00000000a5800000|  0%| F|  |TAMS 0x00000000a5700000, 0x00000000a5700000| Untracked 
|  54|0x00000000a5800000, 0x00000000a5800000, 0x00000000a5900000|  0%| F|  |TAMS 0x00000000a5800000, 0x00000000a5800000| Untracked 
|  55|0x00000000a5900000, 0x00000000a5900000, 0x00000000a5a00000|  0%| F|  |TAMS 0x00000000a5900000, 0x00000000a5900000| Untracked 
|  56|0x00000000a5a00000, 0x00000000a5a00000, 0x00000000a5b00000|  0%| F|  |TAMS 0x00000000a5a00000, 0x00000000a5a00000| Untracked 
|  57|0x00000000a5b00000, 0x00000000a5b00000, 0x00000000a5c00000|  0%| F|  |TAMS 0x00000000a5b00000, 0x00000000a5b00000| Untracked 
|  58|0x00000000a5c00000, 0x00000000a5c00000, 0x00000000a5d00000|  0%| F|  |TAMS 0x00000000a5c00000, 0x00000000a5c00000| Untracked 
|  59|0x00000000a5d00000, 0x00000000a5d00000, 0x00000000a5e00000|  0%| F|  |TAMS 0x00000000a5d00000, 0x00000000a5d00000| Untracked 
|  60|0x00000000a5e00000, 0x00000000a5e00000, 0x00000000a5f00000|  0%| F|  |TAMS 0x00000000a5e00000, 0x00000000a5e00000| Untracked 
|  61|0x00000000a5f00000, 0x00000000a5f00000, 0x00000000a6000000|  0%| F|  |TAMS 0x00000000a5f00000, 0x00000000a5f00000| Untracked 
|  62|0x00000000a6000000, 0x00000000a6000000, 0x00000000a6100000|  0%| F|  |TAMS 0x00000000a6000000, 0x00000000a6000000| Untracked 
|  63|0x00000000a6100000, 0x00000000a6180800, 0x00000000a6200000| 50%| E|  |TAMS 0x00000000a6100000, 0x00000000a6100000| Complete 
|  64|0x00000000a6200000, 0x00000000a6300000, 0x00000000a6300000|100%| E|CS|TAMS 0x00000000a6200000, 0x00000000a6200000| Complete 
|  65|0x00000000a6300000, 0x00000000a6400000, 0x00000000a6400000|100%| E|CS|TAMS 0x00000000a6300000, 0x00000000a6300000| Complete 
|  93|0x00000000a7f00000, 0x00000000a8000000, 0x00000000a8000000|100%| E|CS|TAMS 0x00000000a7f00000, 0x00000000a7f00000| Complete 

Card table byte_map: [0x000001eadc5f0000,0x000001eadc8e0000] _byte_map_base: 0x000001eadc0df000

Marking Bits (Prev, Next): (CMBitMap*) 0x000001eac523a4c0, (CMBitMap*) 0x000001eac523a500
 Prev Bits: [0x000001eadcbd0000, 0x000001eade348000)
 Next Bits: [0x000001eade350000, 0x000001eadfac8000)

Polling page: 0x000001eac3170000

Metaspace:

Usage:
  Non-class:     44.40 MB used.
      Class:      7.01 MB used.
       Both:     51.41 MB used.

Virtual space:
  Non-class space:       64.00 MB reserved,      44.56 MB ( 70%) committed,  1 nodes.
      Class space:        1.00 GB reserved,       7.12 MB ( <1%) committed,  1 nodes.
             Both:        1.06 GB reserved,      51.69 MB (  5%) committed. 

Chunk freelists:
   Non-Class:  3.23 MB
       Class:  8.76 MB
        Both:  12.00 MB

MaxMetaspaceSize: unlimited
CompressedClassSpaceSize: 1.00 GB
Initial GC threshold: 21.00 MB
Current GC threshold: 59.06 MB
CDS: on
MetaspaceReclaimPolicy: balanced
 - commit_granule_bytes: 65536.
 - commit_granule_words: 8192.
 - virtual_space_node_default_size: 8388608.
 - enlarge_chunks_in_place: 1.
 - new_chunks_are_fully_committed: 0.
 - uncommit_free_chunks: 1.
 - use_allocation_guard: 0.
 - handle_deallocations: 1.


Internal statistics:

num_allocs_failed_limit: 6.
num_arena_births: 308.
num_arena_deaths: 0.
num_vsnodes_births: 2.
num_vsnodes_deaths: 0.
num_space_committed: 827.
num_space_uncommitted: 0.
num_chunks_returned_to_freelist: 6.
num_chunks_taken_from_freelist: 2159.
num_chunk_merges: 6.
num_chunk_splits: 1621.
num_chunks_enlarged: 1354.
num_purges: 0.
num_inconsistent_stats: 0.

CodeHeap 'non-profiled nmethods': size=119168Kb used=2296Kb max_used=2730Kb free=116871Kb
 bounds [0x000001ead4620000, 0x000001ead48d0000, 0x000001eadba80000]
CodeHeap 'profiled nmethods': size=119104Kb used=7976Kb max_used=9856Kb free=111127Kb
 bounds [0x000001eacca80000, 0x000001eacd430000, 0x000001ead3ed0000]
CodeHeap 'non-nmethods': size=7488Kb used=2417Kb max_used=2454Kb free=5070Kb
 bounds [0x000001ead3ed0000, 0x000001ead41a0000, 0x000001ead4620000]
 total_blobs=4675 nmethods=4057 adapters=528
 compilation: enabled
              stopped_count=0, restarted_count=0
 full_count=0

Compilation events (20 events):
Event: 29.948 Thread 0x000001eae2a35a30 4734       1       org.springframework.beans.GenericTypeAwarePropertyDescriptor::getWriteMethod (5 bytes)
Event: 29.948 Thread 0x000001eae2a35a30 nmethod 4734 0x000001ead46a9810 code [0x000001ead46a99a0, 0x000001ead46a9a78]
Event: 29.949 Thread 0x000001eae2a35a30 4735       3       org.springframework.core.type.classreading.SimpleMethodMetadataReadingVisitor::visitAnnotation (28 bytes)
Event: 29.949 Thread 0x000001eae70b8990 4736       1       org.springframework.beans.factory.support.DefaultListableBeanFactory::getAutowireCandidateResolver (5 bytes)
Event: 29.950 Thread 0x000001eae70b8990 nmethod 4736 0x000001ead472e810 code [0x000001ead472e9a0, 0x000001ead472ea78]
Event: 29.950 Thread 0x000001eae2a35a30 nmethod 4735 0x000001eaccbf4190 code [0x000001eaccbf43a0, 0x000001eaccbf4a08]
Event: 29.951 Thread 0x000001eae2a35a30 4737       3       org.springframework.context.support.GenericApplicationContext::getClassLoader (29 bytes)
Event: 29.951 Thread 0x000001eae70b8990 4738       3       org.springframework.core.annotation.AnnotationUtils::isCandidateClass (41 bytes)
Event: 29.951 Thread 0x000001eae2a35a30 nmethod 4737 0x000001eacd03a390 code [0x000001eacd03a560, 0x000001eacd03a8b8]
Event: 29.952 Thread 0x000001eae70b8990 nmethod 4738 0x000001eaccadb110 code [0x000001eaccadb380, 0x000001eaccadbf28]
Event: 29.952 Thread 0x000001eae70b8990 4739       3       java.util.ArrayList::add (65 bytes)
Event: 29.952 Thread 0x000001eae2a35a30 4741       1       org.springframework.web.context.support.ServletContextAwareProcessor::getServletConfig (5 bytes)
Event: 29.952 Thread 0x000001eae7077d30 4740       1       org.springframework.boot.web.servlet.context.ServletWebServerApplicationContext::getServletConfig (5 bytes)
Event: 29.952 Thread 0x000001eae2a35a30 nmethod 4741 0x000001ead4647610 code [0x000001ead46477a0, 0x000001ead4647878]
Event: 29.952 Thread 0x000001eae7077d30 nmethod 4740 0x000001ead4647290 code [0x000001ead4647420, 0x000001ead46474f8]
Event: 29.952 Thread 0x000001eae2a35a30 4742       3       org.springframework.core.annotation.TypeMappedAnnotations$MergedAnnotationFinder::doWithAnnotations (75 bytes)
Event: 29.953 Thread 0x000001eae7077d30 4743       3       org.springframework.beans.factory.support.AbstractBeanFactory::isPrototypeCurrentlyInCreation (46 bytes)
Event: 29.953 Thread 0x000001eae70b8990 nmethod 4739 0x000001eaccccff90 code [0x000001eacccd01a0, 0x000001eacccd0858]
Event: 29.953 Thread 0x000001eae2a35a30 nmethod 4742 0x000001eaccc48810 code [0x000001eaccc489e0, 0x000001eaccc48df8]
Event: 29.953 Thread 0x000001eae7077d30 nmethod 4743 0x000001eaccf62410 code [0x000001eaccf62600, 0x000001eaccf62ca8]

GC Heap History (20 events):
Event: 21.159 GC heap before
{Heap before GC invocations=1 (full 0):
 garbage-first heap   total 96256K, used 34216K [0x00000000a2200000, 0x0000000100000000)
  region size 1024K, 29 young (29696K), 3 survivors (3072K)
 Metaspace       used 13197K, committed 13376K, reserved 1114112K
  class space    used 1758K, committed 1856K, reserved 1048576K
}
Event: 21.168 GC heap after
{Heap after GC invocations=2 (full 0):
 garbage-first heap   total 96256K, used 9679K [0x00000000a2200000, 0x0000000100000000)
  region size 1024K, 2 young (2048K), 2 survivors (2048K)
 Metaspace       used 13197K, committed 13376K, reserved 1114112K
  class space    used 1758K, committed 1856K, reserved 1048576K
}
Event: 22.353 GC heap before
{Heap before GC invocations=2 (full 0):
 garbage-first heap   total 96256K, used 53711K [0x00000000a2200000, 0x0000000100000000)
  region size 1024K, 46 young (47104K), 2 survivors (2048K)
 Metaspace       used 21316K, committed 21504K, reserved 1114112K
  class space    used 2695K, committed 2816K, reserved 1048576K
}
Event: 22.362 GC heap after
{Heap after GC invocations=3 (full 0):
 garbage-first heap   total 96256K, used 11934K [0x00000000a2200000, 0x0000000100000000)
  region size 1024K, 5 young (5120K), 5 survivors (5120K)
 Metaspace       used 21316K, committed 21504K, reserved 1114112K
  class space    used 2695K, committed 2816K, reserved 1048576K
}
Event: 23.814 GC heap before
{Heap before GC invocations=4 (full 0):
 garbage-first heap   total 48128K, used 35486K [0x00000000a2200000, 0x0000000100000000)
  region size 1024K, 28 young (28672K), 5 survivors (5120K)
 Metaspace       used 25216K, committed 25408K, reserved 1114112K
  class space    used 3278K, committed 3392K, reserved 1048576K
}
Event: 23.831 GC heap after
{Heap after GC invocations=5 (full 0):
 garbage-first heap   total 48128K, used 14052K [0x00000000a2200000, 0x0000000100000000)
  region size 1024K, 3 young (3072K), 3 survivors (3072K)
 Metaspace       used 25216K, committed 25408K, reserved 1114112K
  class space    used 3278K, committed 3392K, reserved 1048576K
}
Event: 23.945 GC heap before
{Heap before GC invocations=5 (full 0):
 garbage-first heap   total 48128K, used 15076K [0x00000000a2200000, 0x0000000100000000)
  region size 1024K, 4 young (4096K), 3 survivors (3072K)
 Metaspace       used 25565K, committed 25856K, reserved 1114112K
  class space    used 3318K, committed 3456K, reserved 1048576K
}
Event: 23.956 GC heap after
{Heap after GC invocations=6 (full 0):
 garbage-first heap   total 48128K, used 14068K [0x00000000a2200000, 0x0000000100000000)
  region size 1024K, 1 young (1024K), 1 survivors (1024K)
 Metaspace       used 25565K, committed 25856K, reserved 1114112K
  class space    used 3318K, committed 3456K, reserved 1048576K
}
Event: 25.233 GC heap before
{Heap before GC invocations=6 (full 0):
 garbage-first heap   total 48128K, used 31476K [0x00000000a2200000, 0x0000000100000000)
  region size 1024K, 19 young (19456K), 1 survivors (1024K)
 Metaspace       used 29668K, committed 30016K, reserved 1114112K
  class space    used 3818K, committed 3968K, reserved 1048576K
}
Event: 25.244 GC heap after
{Heap after GC invocations=7 (full 0):
 garbage-first heap   total 48128K, used 15874K [0x00000000a2200000, 0x0000000100000000)
  region size 1024K, 3 young (3072K), 3 survivors (3072K)
 Metaspace       used 29668K, committed 30016K, reserved 1114112K
  class space    used 3818K, committed 3968K, reserved 1048576K
}
Event: 26.124 GC heap before
{Heap before GC invocations=7 (full 0):
 garbage-first heap   total 48128K, used 33282K [0x00000000a2200000, 0x0000000100000000)
  region size 1024K, 20 young (20480K), 3 survivors (3072K)
 Metaspace       used 33583K, committed 33856K, reserved 1114112K
  class space    used 4261K, committed 4416K, reserved 1048576K
}
Event: 26.129 GC heap after
{Heap after GC invocations=8 (full 0):
 garbage-first heap   total 48128K, used 17396K [0x00000000a2200000, 0x0000000100000000)
  region size 1024K, 2 young (2048K), 2 survivors (2048K)
 Metaspace       used 33583K, committed 33856K, reserved 1114112K
  class space    used 4261K, committed 4416K, reserved 1048576K
}
Event: 26.484 GC heap before
{Heap before GC invocations=8 (full 0):
 garbage-first heap   total 48128K, used 22516K [0x00000000a2200000, 0x0000000100000000)
  region size 1024K, 9 young (9216K), 2 survivors (2048K)
 Metaspace       used 35717K, committed 35968K, reserved 1114112K
  class space    used 4522K, committed 4672K, reserved 1048576K
}
Event: 26.487 GC heap after
{Heap after GC invocations=9 (full 0):
 garbage-first heap   total 48128K, used 17550K [0x00000000a2200000, 0x0000000100000000)
  region size 1024K, 2 young (2048K), 2 survivors (2048K)
 Metaspace       used 35717K, committed 35968K, reserved 1114112K
  class space    used 4522K, committed 4672K, reserved 1048576K
}
Event: 27.643 GC heap before
{Heap before GC invocations=10 (full 0):
 garbage-first heap   total 48128K, used 35982K [0x00000000a2200000, 0x0000000100000000)
  region size 1024K, 20 young (20480K), 2 survivors (2048K)
 Metaspace       used 40734K, committed 41088K, reserved 1114112K
  class space    used 5448K, committed 5632K, reserved 1048576K
}
Event: 27.648 GC heap after
{Heap after GC invocations=11 (full 0):
 garbage-first heap   total 48128K, used 18917K [0x00000000a2200000, 0x0000000100000000)
  region size 1024K, 2 young (2048K), 2 survivors (2048K)
 Metaspace       used 40734K, committed 41088K, reserved 1114112K
  class space    used 5448K, committed 5632K, reserved 1048576K
}
Event: 27.700 GC heap before
{Heap before GC invocations=11 (full 0):
 garbage-first heap   total 48128K, used 18917K [0x00000000a2200000, 0x0000000100000000)
  region size 1024K, 3 young (3072K), 2 survivors (2048K)
 Metaspace       used 41000K, committed 41280K, reserved 1114112K
  class space    used 5486K, committed 5632K, reserved 1048576K
}
Event: 27.703 GC heap after
{Heap after GC invocations=12 (full 0):
 garbage-first heap   total 48128K, used 18914K [0x00000000a2200000, 0x0000000100000000)
  region size 1024K, 1 young (1024K), 1 survivors (1024K)
 Metaspace       used 41000K, committed 41280K, reserved 1114112K
  class space    used 5486K, committed 5632K, reserved 1048576K
}
Event: 28.491 GC heap before
{Heap before GC invocations=12 (full 0):
 garbage-first heap   total 48128K, used 35298K [0x00000000a2200000, 0x0000000100000000)
  region size 1024K, 18 young (18432K), 1 survivors (1024K)
 Metaspace       used 45991K, committed 46272K, reserved 1114112K
  class space    used 6159K, committed 6272K, reserved 1048576K
}
Event: 28.496 GC heap after
{Heap after GC invocations=13 (full 0):
 garbage-first heap   total 68608K, used 19589K [0x00000000a2200000, 0x0000000100000000)
  region size 1024K, 1 young (1024K), 1 survivors (1024K)
 Metaspace       used 45991K, committed 46272K, reserved 1114112K
  class space    used 6159K, committed 6272K, reserved 1048576K
}

Deoptimization events (20 events):
Event: 29.727 Thread 0x000001eac51ecbf0 Uncommon trap: trap_request=0xffffffde fr.pc=0x000001ead4756f7c relative=0x000000000000263c
Event: 29.727 Thread 0x000001eac51ecbf0 Uncommon trap: reason=class_check action=maybe_recompile pc=0x000001ead4756f7c method=org.springframework.core.ResolvableType.resolveType()Lorg/springframework/core/ResolvableType; @ 117 c2
Event: 29.727 Thread 0x000001eac51ecbf0 DEOPT PACKING pc=0x000001ead4756f7c sp=0x000000a5320fbb70
Event: 29.727 Thread 0x000001eac51ecbf0 DEOPT UNPACKING pc=0x000001ead3f223a3 sp=0x000000a5320fba08 mode 2
Event: 29.735 Thread 0x000001eac51ecbf0 Uncommon trap: trap_request=0xffffffbe fr.pc=0x000001ead473e3a0 relative=0x00000000000008e0
Event: 29.735 Thread 0x000001eac51ecbf0 Uncommon trap: reason=profile_predicate action=maybe_recompile pc=0x000001ead473e3a0 method=java.lang.PublicMethods$MethodList.filter([Ljava/lang/reflect/Method;Ljava/lang/String;[Ljava/lang/Class;Z)Ljava/lang/PublicMethods$MethodList; @ 21 c2
Event: 29.735 Thread 0x000001eac51ecbf0 DEOPT PACKING pc=0x000001ead473e3a0 sp=0x000000a5320fb500
Event: 29.735 Thread 0x000001eac51ecbf0 DEOPT UNPACKING pc=0x000001ead3f223a3 sp=0x000000a5320fb4b8 mode 2
Event: 29.735 Thread 0x000001eac51ecbf0 Uncommon trap: trap_request=0xffffffbe fr.pc=0x000001ead473e3a0 relative=0x00000000000008e0
Event: 29.735 Thread 0x000001eac51ecbf0 Uncommon trap: reason=profile_predicate action=maybe_recompile pc=0x000001ead473e3a0 method=java.lang.PublicMethods$MethodList.filter([Ljava/lang/reflect/Method;Ljava/lang/String;[Ljava/lang/Class;Z)Ljava/lang/PublicMethods$MethodList; @ 21 c2
Event: 29.735 Thread 0x000001eac51ecbf0 DEOPT PACKING pc=0x000001ead473e3a0 sp=0x000000a5320fb500
Event: 29.735 Thread 0x000001eac51ecbf0 DEOPT UNPACKING pc=0x000001ead3f223a3 sp=0x000000a5320fb4b8 mode 2
Event: 29.735 Thread 0x000001eac51ecbf0 Uncommon trap: trap_request=0xffffffbe fr.pc=0x000001ead473e3a0 relative=0x00000000000008e0
Event: 29.735 Thread 0x000001eac51ecbf0 Uncommon trap: reason=profile_predicate action=maybe_recompile pc=0x000001ead473e3a0 method=java.lang.PublicMethods$MethodList.filter([Ljava/lang/reflect/Method;Ljava/lang/String;[Ljava/lang/Class;Z)Ljava/lang/PublicMethods$MethodList; @ 21 c2
Event: 29.735 Thread 0x000001eac51ecbf0 DEOPT PACKING pc=0x000001ead473e3a0 sp=0x000000a5320fb500
Event: 29.735 Thread 0x000001eac51ecbf0 DEOPT UNPACKING pc=0x000001ead3f223a3 sp=0x000000a5320fb4b8 mode 2
Event: 29.950 Thread 0x000001eac51ecbf0 Uncommon trap: trap_request=0xffffff45 fr.pc=0x000001ead47e7074 relative=0x0000000000000834
Event: 29.950 Thread 0x000001eac51ecbf0 Uncommon trap: reason=unstable_if action=reinterpret pc=0x000001ead47e7074 method=org.springframework.core.annotation.TypeMappedAnnotations$MergedAnnotationFinder.doWithAnnotations(Ljava/lang/Object;ILjava/lang/Object;[Ljava/lang/annotation/Annotation;)Lo
Event: 29.950 Thread 0x000001eac51ecbf0 DEOPT PACKING pc=0x000001ead47e7074 sp=0x000000a5320fc110
Event: 29.950 Thread 0x000001eac51ecbf0 DEOPT UNPACKING pc=0x000001ead3f223a3 sp=0x000000a5320fc100 mode 2

Classes unloaded (0 events):
No events

Classes redefined (0 events):
No events

Internal exceptions (20 events):
Event: 29.258 Thread 0x000001eac51ecbf0 Exception <a 'java/lang/ClassNotFoundException'{0x00000000a5417878}: org/springframework/beans/factory/AwareCustomizer> (0x00000000a5417878) 
thrown [s\open\src\hotspot\share\classfile\systemDictionary.cpp, line 256]
Event: 29.259 Thread 0x000001eac51ecbf0 Exception <a 'java/lang/ClassNotFoundException'{0x00000000a541b4e8}: org/springframework/beans/factory/InitializingBeanCustomizer> (0x00000000a541b4e8) 
thrown [s\open\src\hotspot\share\classfile\systemDictionary.cpp, line 256]
Event: 29.260 Thread 0x000001eac51ecbf0 Exception <a 'java/lang/ClassNotFoundException'{0x00000000a5420290}: org/springframework/data/repository/core/support/RepositoryFactoryInformationCustomizer> (0x00000000a5420290) 
thrown [s\open\src\hotspot\share\classfile\systemDictionary.cpp, line 256]
Event: 29.262 Thread 0x000001eac51ecbf0 Exception <a 'java/lang/ClassNotFoundException'{0x00000000a542a4d0}: org/springframework/beans/factory/FactoryBeanCustomizer> (0x00000000a542a4d0) 
thrown [s\open\src\hotspot\share\classfile\systemDictionary.cpp, line 256]
Event: 29.263 Thread 0x000001eac51ecbf0 Exception <a 'java/lang/ClassNotFoundException'{0x00000000a54323b0}: org/springframework/beans/factory/BeanClassLoaderAwareCustomizer> (0x00000000a54323b0) 
thrown [s\open\src\hotspot\share\classfile\systemDictionary.cpp, line 256]
Event: 29.264 Thread 0x000001eac51ecbf0 Exception <a 'java/lang/ClassNotFoundException'{0x00000000a5437008}: org/springframework/beans/factory/AwareCustomizer> (0x00000000a5437008) 
thrown [s\open\src\hotspot\share\classfile\systemDictionary.cpp, line 256]
Event: 29.265 Thread 0x000001eac51ecbf0 Exception <a 'java/lang/ClassNotFoundException'{0x00000000a543ac10}: org/springframework/beans/factory/BeanFactoryAwareCustomizer> (0x00000000a543ac10) 
thrown [s\open\src\hotspot\share\classfile\systemDictionary.cpp, line 256]
Event: 29.266 Thread 0x000001eac51ecbf0 Exception <a 'java/lang/ClassNotFoundException'{0x00000000a543ff08}: org/springframework/beans/factory/AwareCustomizer> (0x00000000a543ff08) 
thrown [s\open\src\hotspot\share\classfile\systemDictionary.cpp, line 256]
Event: 29.270 Thread 0x000001eac51ecbf0 Exception <a 'java/lang/ClassNotFoundException'{0x00000000a5443ca0}: org/springframework/context/ApplicationEventPublisherAwareCustomizer> (0x00000000a5443ca0) 
thrown [s\open\src\hotspot\share\classfile\systemDictionary.cpp, line 256]
Event: 29.272 Thread 0x000001eac51ecbf0 Exception <a 'java/lang/ClassNotFoundException'{0x00000000a5448c60}: org/springframework/beans/factory/AwareCustomizer> (0x00000000a5448c60) 
thrown [s\open\src\hotspot\share\classfile\systemDictionary.cpp, line 256]
Event: 29.284 Thread 0x000001eac51ecbf0 Exception <a 'java/lang/ClassNotFoundException'{0x00000000a547fa48}: java/lang/ObjectCustomizer> (0x00000000a547fa48) 
thrown [s\open\src\hotspot\share\classfile\systemDictionary.cpp, line 256]
Event: 29.286 Thread 0x000001eac51ecbf0 Exception <a 'java/lang/ClassNotFoundException'{0x00000000a5486de0}: org/springframework/core/io/support/PropertiesLoaderSupportCustomizer> (0x00000000a5486de0) 
thrown [s\open\src\hotspot\share\classfile\systemDictionary.cpp, line 256]
Event: 29.287 Thread 0x000001eac51ecbf0 Exception <a 'java/lang/ClassNotFoundException'{0x00000000a54939e0}: org/springframework/beans/factory/config/PropertiesFactoryBeanCustomizer> (0x00000000a54939e0) 
thrown [s\open\src\hotspot\share\classfile\systemDictionary.cpp, line 256]
Event: 29.289 Thread 0x000001eac51ecbf0 Exception <a 'java/lang/ClassNotFoundException'{0x00000000a54aa850}: org/springframework/beans/factory/FactoryBeanCustomizer> (0x00000000a54aa850) 
thrown [s\open\src\hotspot\share\classfile\systemDictionary.cpp, line 256]
Event: 29.292 Thread 0x000001eac51ecbf0 Exception <a 'java/lang/ClassNotFoundException'{0x00000000a54b1b70}: org/springframework/beans/factory/InitializingBeanCustomizer> (0x00000000a54b1b70) 
thrown [s\open\src\hotspot\share\classfile\systemDictionary.cpp, line 256]
Event: 29.459 Thread 0x000001eac51ecbf0 Exception <a 'java/lang/IncompatibleClassChangeError'{0x00000000a50d1718}: Found class java.lang.Object, but interface was expected> (0x00000000a50d1718) 
thrown [s\open\src\hotspot\share\interpreter\linkResolver.cpp, line 826]
Event: 29.656 Thread 0x000001eac51ecbf0 Exception <a 'java/lang/ClassNotFoundException'{0x00000000a4c3b9b8}: java/lang/ObjectCustomizer> (0x00000000a4c3b9b8) 
thrown [s\open\src\hotspot\share\classfile\systemDictionary.cpp, line 256]
Event: 29.657 Thread 0x000001eac51ecbf0 Exception <a 'java/lang/ClassNotFoundException'{0x00000000a4c42600}: lira/wakacop/pauta/domain/PautaCustomizer> (0x00000000a4c42600) 
thrown [s\open\src\hotspot\share\classfile\systemDictionary.cpp, line 256]
Event: 29.698 Thread 0x000001eac51ecbf0 Exception <a 'java/lang/NoSuchMethodError'{0x00000000a4b39258}: 'int java.lang.invoke.DirectMethodHandle$Holder.invokeVirtual(java.lang.Object, java.lang.Object, java.lang.Object)'> (0x00000000a4b39258) 
thrown [s\open\src\hotspot\share\interpreter\linkResolver.cpp, line 759]
Event: 29.765 Thread 0x000001eac51ecbf0 Exception <a 'java/lang/IncompatibleClassChangeError'{0x00000000a4ad1020}: Found class java.lang.Object, but interface was expected> (0x00000000a4ad1020) 
thrown [s\open\src\hotspot\share\interpreter\linkResolver.cpp, line 826]

VM Operations (20 events):
Event: 26.663 Executing VM operation: HandshakeAllThreads
Event: 26.663 Executing VM operation: HandshakeAllThreads done
Event: 27.643 Executing VM operation: G1CollectForAllocation
Event: 27.648 Executing VM operation: G1CollectForAllocation done
Event: 27.700 Executing VM operation: G1CollectForAllocation
Event: 27.703 Executing VM operation: G1CollectForAllocation done
Event: 28.491 Executing VM operation: G1CollectForAllocation
Event: 28.496 Executing VM operation: G1CollectForAllocation done
Event: 29.151 Executing VM operation: ICBufferFull
Event: 29.151 Executing VM operation: ICBufferFull done
Event: 29.280 Executing VM operation: HandshakeAllThreads
Event: 29.280 Executing VM operation: HandshakeAllThreads done
Event: 29.307 Executing VM operation: HandshakeAllThreads
Event: 29.307 Executing VM operation: HandshakeAllThreads done
Event: 29.361 Executing VM operation: HandshakeAllThreads
Event: 29.361 Executing VM operation: HandshakeAllThreads done
Event: 29.862 Executing VM operation: HandshakeAllThreads
Event: 29.862 Executing VM operation: HandshakeAllThreads done
Event: 29.863 Executing VM operation: HandshakeAllThreads
Event: 29.863 Executing VM operation: HandshakeAllThreads done

Events (20 events):
Event: 29.372 Thread 0x000001eae2a49f10 flushing nmethod 0x000001eacd2fa610
Event: 29.372 Thread 0x000001eae2a49f10 flushing nmethod 0x000001eacd30cb10
Event: 29.372 Thread 0x000001eae2a49f10 flushing nmethod 0x000001eacd316310
Event: 29.372 Thread 0x000001eae2a49f10 flushing nmethod 0x000001eacd341310
Event: 29.372 Thread 0x000001eae2a49f10 flushing nmethod 0x000001eacd387590
Event: 29.372 Thread 0x000001eae2a49f10 flushing nmethod 0x000001eacd39e510
Event: 29.656 loading class java/lang/ObjectCustomizer
Event: 29.656 loading class java/lang/ObjectCustomizer done
Event: 29.656 loading class java/lang/ObjectCustomizer
Event: 29.656 loading class java/lang/ObjectCustomizer done
Event: 29.773 loading class java/lang/Package$1PackageInfoProxy
Event: 29.774 loading class java/lang/Package$1PackageInfoProxy done
Event: 29.934 loading class sun/reflect/ReflectionFactory
Event: 29.934 loading class sun/reflect/ReflectionFactory done
Event: 29.934 loading class sun/reflect/ReflectionFactory$1
Event: 29.935 loading class sun/reflect/ReflectionFactory$1 done
Event: 29.935 loading class java/io/OptionalDataException
Event: 29.935 loading class java/io/OptionalDataException done
Event: 29.936 loading class jdk/internal/reflect/SerializationConstructorAccessorImpl
Event: 29.936 loading class jdk/internal/reflect/SerializationConstructorAccessorImpl done


Dynamic libraries:
0x00007ff62ede0000 - 0x00007ff62edf0000 	C:\Program Files\Java\jdk-17\bin\java.exe
0x00007ffa7b290000 - 0x00007ffa7b4a7000 	C:\WINDOWS\SYSTEM32\ntdll.dll
0x00007ffa440c0000 - 0x00007ffa440d9000 	C:\Program Files\Avast Software\Avast\aswhook.dll
0x00007ffa7a440000 - 0x00007ffa7a504000 	C:\WINDOWS\System32\KERNEL32.DLL
0x00007ffa78760000 - 0x00007ffa78b06000 	C:\WINDOWS\System32\KERNELBASE.dll
0x00007ffa78640000 - 0x00007ffa78751000 	C:\WINDOWS\System32\ucrtbase.dll
0x00007ffa65790000 - 0x00007ffa657ab000 	C:\Program Files\Java\jdk-17\bin\VCRUNTIME140.dll
0x00007ffa661f0000 - 0x00007ffa66209000 	C:\Program Files\Java\jdk-17\bin\jli.dll
0x00007ffa7ae30000 - 0x00007ffa7aee0000 	C:\WINDOWS\System32\ADVAPI32.dll
0x00007ffa79960000 - 0x00007ffa79a07000 	C:\WINDOWS\System32\msvcrt.dll
0x00007ffa79a10000 - 0x00007ffa79ab6000 	C:\WINDOWS\System32\sechost.dll
0x00007ffa79ac0000 - 0x00007ffa79bd7000 	C:\WINDOWS\System32\RPCRT4.dll
0x00007ffa794f0000 - 0x00007ffa7969d000 	C:\WINDOWS\System32\USER32.dll
0x00007ffa78610000 - 0x00007ffa78636000 	C:\WINDOWS\System32\win32u.dll
0x00007ffa61ad0000 - 0x00007ffa61d63000 	C:\WINDOWS\WinSxS\amd64_microsoft.windows.common-controls_6595b64144ccf1df_6.0.22621.2361_none_2712ced57382f843\COMCTL32.dll
0x00007ffa797b0000 - 0x00007ffa797d9000 	C:\WINDOWS\System32\GDI32.dll
0x00007ffa78b10000 - 0x00007ffa78c28000 	C:\WINDOWS\System32\gdi32full.dll
0x00007ffa78c30000 - 0x00007ffa78cca000 	C:\WINDOWS\System32\msvcp_win.dll
0x00007ffa6e3c0000 - 0x00007ffa6e3ca000 	C:\WINDOWS\SYSTEM32\VERSION.dll
0x00007ffa7aaa0000 - 0x00007ffa7aad1000 	C:\WINDOWS\System32\IMM32.DLL
0x00007ffa69210000 - 0x00007ffa6921c000 	C:\Program Files\Java\jdk-17\bin\vcruntime140_1.dll
0x00007ff9ed660000 - 0x00007ff9ed6ee000 	C:\Program Files\Java\jdk-17\bin\msvcp140.dll
0x00007ff9a9cc0000 - 0x00007ff9aa89e000 	C:\Program Files\Java\jdk-17\bin\server\jvm.dll
0x00007ffa7b0a0000 - 0x00007ffa7b0a8000 	C:\WINDOWS\System32\PSAPI.DLL
0x00007ffa67d00000 - 0x00007ffa67d09000 	C:\WINDOWS\SYSTEM32\WSOCK32.dll
0x00007ffa6fef0000 - 0x00007ffa6ff24000 	C:\WINDOWS\SYSTEM32\WINMM.dll
0x00007ffa7a600000 - 0x00007ffa7a671000 	C:\WINDOWS\System32\WS2_32.dll
0x00007ffa775f0000 - 0x00007ffa77608000 	C:\WINDOWS\SYSTEM32\kernel.appcore.dll
0x00007ffa65780000 - 0x00007ffa6578a000 	C:\Program Files\Java\jdk-17\bin\jimage.dll
0x00007ffa761e0000 - 0x00007ffa7640e000 	C:\WINDOWS\SYSTEM32\DBGHELP.DLL
0x00007ffa7a710000 - 0x00007ffa7aa9a000 	C:\WINDOWS\System32\combase.dll
0x00007ffa7aae0000 - 0x00007ffa7abb7000 	C:\WINDOWS\System32\OLEAUT32.dll
0x00007ffa6e480000 - 0x00007ffa6e4b2000 	C:\WINDOWS\SYSTEM32\dbgcore.DLL
0x00007ffa78d90000 - 0x00007ffa78e0a000 	C:\WINDOWS\System32\bcryptPrimitives.dll
0x00007ffa5f860000 - 0x00007ffa5f86e000 	C:\Program Files\Java\jdk-17\bin\instrument.dll
0x00007ffa5e690000 - 0x00007ffa5e6b5000 	C:\Program Files\Java\jdk-17\bin\java.dll
0x00007ff9e4240000 - 0x00007ff9e4317000 	C:\Program Files\Java\jdk-17\bin\jsvml.dll
0x00007ffa79be0000 - 0x00007ffa7a438000 	C:\WINDOWS\System32\SHELL32.dll
0x00007ffa76570000 - 0x00007ffa76e62000 	C:\WINDOWS\SYSTEM32\windows.storage.dll
0x00007ffa76430000 - 0x00007ffa7656e000 	C:\WINDOWS\SYSTEM32\wintypes.dll
0x00007ffa797e0000 - 0x00007ffa798d3000 	C:\WINDOWS\System32\SHCORE.dll
0x00007ffa796a0000 - 0x00007ffa796fe000 	C:\WINDOWS\System32\shlwapi.dll
0x00007ffa78540000 - 0x00007ffa78566000 	C:\WINDOWS\SYSTEM32\profapi.dll
0x00007ffa543e0000 - 0x00007ffa543f8000 	C:\Program Files\Java\jdk-17\bin\zip.dll
0x00007ffa635f0000 - 0x00007ffa63609000 	C:\Program Files\Java\jdk-17\bin\net.dll
0x00007ffa6fdb0000 - 0x00007ffa6fee7000 	C:\WINDOWS\SYSTEM32\WINHTTP.dll
0x00007ffa77ad0000 - 0x00007ffa77b39000 	C:\WINDOWS\system32\mswsock.dll
0x00007ffa54400000 - 0x00007ffa54416000 	C:\Program Files\Java\jdk-17\bin\nio.dll
0x00007ffa4f1c0000 - 0x00007ffa4f1da000 	C:\Program Files\JetBrains\IntelliJ IDEA Educational Edition 2022.2.2\bin\breakgen64.dll
0x00007ffa62f00000 - 0x00007ffa62f10000 	C:\Program Files\Java\jdk-17\bin\verify.dll
0x00007ffa6d410000 - 0x00007ffa6d41a000 	C:\Program Files\Java\jdk-17\bin\management.dll
0x00007ffa6d400000 - 0x00007ffa6d40b000 	C:\Program Files\Java\jdk-17\bin\management_ext.dll
0x00007ffa48560000 - 0x00007ffa48577000 	C:\WINDOWS\system32\napinsp.dll
0x00007ffa48580000 - 0x00007ffa4859b000 	C:\WINDOWS\system32\pnrpnsp.dll
0x00007ffa77140000 - 0x00007ffa77239000 	C:\WINDOWS\SYSTEM32\DNSAPI.dll
0x00007ffa770d0000 - 0x00007ffa770fd000 	C:\WINDOWS\SYSTEM32\IPHLPAPI.DLL
0x00007ffa7a6b0000 - 0x00007ffa7a6b9000 	C:\WINDOWS\System32\NSI.dll
0x00007ffa485a0000 - 0x00007ffa485b1000 	C:\WINDOWS\System32\winrnr.dll
0x00007ffa6ff30000 - 0x00007ffa6ff45000 	C:\WINDOWS\system32\wshbth.dll
0x00007ffa485d0000 - 0x00007ffa485f1000 	C:\WINDOWS\system32\nlansp_c.dll
0x00007ffa6daa0000 - 0x00007ffa6daaa000 	C:\Windows\System32\rasadhlp.dll
0x00007ffa6ec60000 - 0x00007ffa6ece4000 	C:\WINDOWS\System32\fwpuclnt.dll
0x00007ffa77d30000 - 0x00007ffa77d4b000 	C:\WINDOWS\SYSTEM32\CRYPTSP.dll
0x00007ffa775b0000 - 0x00007ffa775e5000 	C:\WINDOWS\system32\rsaenh.dll
0x00007ffa77bc0000 - 0x00007ffa77bec000 	C:\WINDOWS\SYSTEM32\USERENV.dll
0x00007ffa77ee0000 - 0x00007ffa77f08000 	C:\WINDOWS\SYSTEM32\bcrypt.dll
0x00007ffa77d20000 - 0x00007ffa77d2c000 	C:\WINDOWS\SYSTEM32\CRYPTBASE.dll
0x00007ffa6fd90000 - 0x00007ffa6fda9000 	C:\WINDOWS\SYSTEM32\dhcpcsvc6.DLL
0x00007ffa6fd70000 - 0x00007ffa6fd8f000 	C:\WINDOWS\SYSTEM32\dhcpcsvc.DLL
0x00007ffa66ce0000 - 0x00007ffa66cee000 	C:\Program Files\Java\jdk-17\bin\sunmscapi.dll
0x00007ffa78e10000 - 0x00007ffa78f76000 	C:\WINDOWS\System32\CRYPT32.dll
0x00007ffa77eb0000 - 0x00007ffa77edd000 	C:\WINDOWS\SYSTEM32\ncrypt.dll
0x00007ffa77e70000 - 0x00007ffa77ea7000 	C:\WINDOWS\SYSTEM32\NTASN1.dll

dbghelp: loaded successfully - version: 4.0.5 - missing functions: none
symbol engine: initialized successfully - sym options: 0x614 - pdb path: .;C:\Program Files\Java\jdk-17\bin;C:\WINDOWS\SYSTEM32;C:\Program Files\Avast Software\Avast;C:\WINDOWS\WinSxS\amd64_microsoft.windows.common-controls_6595b64144ccf1df_6.0.22621.2361_none_2712ced57382f843;C:\Program Files\Java\jdk-17\bin\server;C:\Program Files\JetBrains\IntelliJ IDEA Educational Edition 2022.2.2\bin

VM Arguments:
jvm_args: -javaagent:C:\Program Files\JetBrains\IntelliJ IDEA Educational Edition 2022.2.2\lib\idea_rt.jar=54101:C:\Program Files\JetBrains\IntelliJ IDEA Educational Edition 2022.2.2\bin -Dfile.encoding=UTF-8 
java_command: lira.wakacop.WakacopApplication
java_class_path (initial): C:\Workspace\wakacop\wakacop\target\classes;C:\Users\Zelto Lira\.m2\repository\org\springframework\boot\spring-boot-starter-data-jpa\2.7.17-SNAPSHOT\spring-boot-starter-data-jpa-2.7.17-SNAPSHOT.jar;C:\Users\Zelto Lira\.m2\repository\org\springframework\boot\spring-boot-starter-aop\2.7.17-SNAPSHOT\spring-boot-starter-aop-2.7.17-SNAPSHOT.jar;C:\Users\Zelto Lira\.m2\repository\org\springframework\spring-aop\5.3.30\spring-aop-5.3.30.jar;C:\Users\Zelto Lira\.m2\repository\org\aspectj\aspectjweaver\1.9.7\aspectjweaver-1.9.7.jar;C:\Users\Zelto Lira\.m2\repository\org\springframework\boot\spring-boot-starter-jdbc\2.7.17-SNAPSHOT\spring-boot-starter-jdbc-2.7.17-SNAPSHOT.jar;C:\Users\Zelto Lira\.m2\repository\com\zaxxer\HikariCP\4.0.3\HikariCP-4.0.3.jar;C:\Users\Zelto Lira\.m2\repository\org\springframework\spring-jdbc\5.3.30\spring-jdbc-5.3.30.jar;C:\Users\Zelto Lira\.m2\repository\jakarta\transaction\jakarta.transaction-api\1.3.3\jakarta.transaction-api-1.3.3.jar;C:\Users\Zelto Lira\.m2\repository\jakarta\persistence\jakarta.persistence-api\2.2.3\jakarta.persistence-api-2.2.3.jar;C:\Users\Zelto Lira\.m2\repository\org\hibernate\hibernate-core\5.6.15.Final\hibernate-core-5.6.15.Final.jar;C:\Users\Zelto Lira\.m2\repository\org\jboss\logging\jboss-logging\3.4.3.Final\jboss-logging-3.4.3.Final.jar;C:\Users\Zelto Lira\.m2\repository\net\bytebuddy\byte-buddy\1.12.23\byte-buddy-1.12.23.jar;C:\Users\Zelto Lira\.m2\repository\antlr\antlr\2.7.7\antlr-2.7.7.jar;C:\Users\Zelto Lira\.m2\repository\org\jboss\jandex\2.4.2.Final\jandex-2.4.2.Final.jar;C:\Users\Zelto Lira\.m2\repository\com\fasterxml\classmate\1.5.1\classmate-1.5.1.jar;C:\Users\Zelto Lira\.m2\repository\org\hibernate\common\hibernate-commons-annotations\5.1.2.Final\hibernate-commons-annotations-5.1.2.Final.jar;C:\Users\Zelto Lira\.m2\repository\org\glassfish\jaxb\jaxb-runtime\2.3.8\jaxb-runtime-2.3.8.jar;C:\Users\Zelto Lira\.m2\repository\org\glassfish\jaxb\txw2\2.3.8\txw2-2.3.8.jar;C:\Users\Zel
Launcher Type: SUN_STANDARD

[Global flags]
     intx CICompilerCount                          = 12                                        {product} {ergonomic}
     uint ConcGCThreads                            = 3                                         {product} {ergonomic}
     uint G1ConcRefinementThreads                  = 13                                        {product} {ergonomic}
   size_t G1HeapRegionSize                         = 1048576                                   {product} {ergonomic}
    uintx GCDrainStackTargetSize                   = 64                                        {product} {ergonomic}
   size_t InitialHeapSize                          = 98566144                                  {product} {ergonomic}
   size_t MarkStackSize                            = 4194304                                   {product} {ergonomic}
   size_t MaxHeapSize                              = 1574961152                                {product} {ergonomic}
   size_t MaxNewSize                               = 944766976                                 {product} {ergonomic}
   size_t MinHeapDeltaBytes                        = 1048576                                   {product} {ergonomic}
   size_t MinHeapSize                              = 8388608                                   {product} {ergonomic}
    uintx NonNMethodCodeHeapSize                   = 7602480                                {pd product} {ergonomic}
    uintx NonProfiledCodeHeapSize                  = 122027880                              {pd product} {ergonomic}
    uintx ProfiledCodeHeapSize                     = 122027880                              {pd product} {ergonomic}
    uintx ReservedCodeCacheSize                    = 251658240                              {pd product} {ergonomic}
     bool SegmentedCodeCache                       = true                                      {product} {ergonomic}
   size_t SoftMaxHeapSize                          = 1574961152                             {manageable} {ergonomic}
     bool UseCompressedClassPointers               = true                           {product lp64_product} {ergonomic}
     bool UseCompressedOops                        = true                           {product lp64_product} {ergonomic}
     bool UseG1GC                                  = true                                      {product} {ergonomic}
     bool UseLargePagesIndividualAllocation        = false                                  {pd product} {ergonomic}

Logging:
Log output configuration:
 #0: stdout all=warning uptime,level,tags
 #1: stderr all=off uptime,level,tags

Environment Variables:
JAVA_HOME=C:\Program Files\Java\jdk-11
PATH=C:\Program Files\Common Files\Oracle\Java\javapath;C:\WINDOWS\system32;C:\WINDOWS;C:\WINDOWS\System32\Wbem;C:\WINDOWS\System32\WindowsPowerShell\v1.0\;C:\WINDOWS\System32\OpenSSH\;C:\Program Files\Java\jdk-11\bin;C:\Program Files\Git\cmd;C:\Users\Zelto Lira\AppData\Local\Microsoft\WindowsApps;C:\apache-maven-3.9.3\bin;C:\Program Files\JetBrains\IntelliJ IDEA Educational Edition 2022.2.2\bin;;C:\Program Files\Java\jdk-17\bin;
USERNAME=Zelto Lira
OS=Windows_NT
PROCESSOR_IDENTIFIER=AMD64 Family 23 Model 104 Stepping 1, AuthenticAMD



---------------  S Y S T E M  ---------------

OS:
 Windows 11 , 64 bit Build 22621 (10.0.22621.2428)
OS uptime: 2 days 21:19 hours

CPU: total 16 (initial active 16) (16 cores per cpu, 2 threads per core) family 23 model 104 stepping 1 microcode 0x0, cx8, cmov, fxsr, ht, mmx, 3dnowpref, sse, sse2, sse3, ssse3, sse4a, sse4.1, sse4.2, popcnt, lzcnt, tsc, tscinvbit, avx, avx2, aes, clmul, bmi1, bmi2, adx, sha, fma, vzeroupper, clflush, clflushopt

Memory: 4k page, system-wide physical 6005M (360M free)
TotalPageFile size 24437M (AvailPageFile size 5M)
current process WorkingSet (physical memory assigned to process): 217M, peak: 224M
current process commit charge ("private bytes"): 267M, peak: 276M

vm_info: Java HotSpot(TM) 64-Bit Server VM (17.0.8+9-LTS-211) for windows-amd64 JRE (17.0.8+9-LTS-211), built on Jun 14 2023 10:34:31 by "mach5one" with MS VC++ 17.1 (VS2022)

END.
